 _ _ _ _ _ _ _ _ _ _
|_  |_  | |_   _ _  |
|  _  |  _ _| | |_  |
| |  _ _  |     | | |
|_|_ _ _|_  |_| | | |
|_   _     _ _| | |_|
|_ _  |_|_| |_   _  |
| | |_    | |     | |
| | |  _|_|  _|_| | |
|    _    |_| |   | |
|_|_ _|_|_ _ _|_|_|_|
(ruta:J: E S E S O S E S E E E N N E E S S S E E S O S S S E)
(ruta:D: E S O S S N N E E S O S E S O O E S O E E S E S O S O N N S S O N N S S S N E S E O N E E S N E S E E N S O O N O O N E N E S N O O N O N E E S N E S N E E N N E S S S O E S O S O N N S S S N E N E S N E S S O S N E S E)
(ruta:S: E S E S O S E S E E E N N E E S S S E E S O S S S E)
(ruta:A: E S O S S N N E E S O S E S O O E S O E E S E S O S O N N S S O N N S S S N E S E O N E E S N E S E E N S O O N O O N E N E S N O O N O N E E S N E S N E E N N E S S S O E S O S O N N S S S N E N E S N E S S O S N E S E)
(ruta:I: N E E N E N O N O N E N O N E N O N O E S E S E N E E N E E E E O O O S S E S S S E E S S S S N N N N O O N N N O O S S O O O O S E S E S O S O O S)
(ruta:T: N N N N O O N N N O N N E E E O O O O S O O S O N O N O E S E S O S E S O S E S E S O S O O S N E E N E N O N O N E E E E N N E E S S S E E S S S S)
(turno:0)
(mapa:99)
(puerta:cerrada:5: 1 3 5 7 9 11 13 15 17 19 21 23 25 27 29:)
 _ _ _ _ _ _ _ _ _ _
|4  |_  | |    _ _  |
|  _  |  _ _| | |_  |
| |  _ _  |     | | |
|_|_   _|_  | | | | |
|_   _     _ _| | |_|
|_ _  |_|_| |_   _  |
| | |_    | |       |
| | |  _|_|  _|_| | |
|    _    |_| |   | |
|I|_ _|_|_ _ _|_|_ T|
(sala:0: 0 1 1 2 3)
(sala:1: 3 4 5 5 6)
(sala:11: 7 7 8 9 9)
(sala:12: 10 11 11 12 13)
(sala:22: 13 14 15 15 16)
(sala:26: 17 17 18 19 19)
(sala:27: 20 21 21 22 23)
(sala:37: 23 24 25 25 26)
(sala:47: 27 27 28 29 29)
(stark:J:0:1:)
(targaryen:D:0:1:)
(stark:S:0:2:)
(targaryen:A:0:2:)
(caminante:I:90:2:)
(lannister:T:99:1: 29 27 25 23 21 19 17 15 13 11 9 7 5 3 1)
(turno:1)
(mapa:99)
(puerta:cerrada:5: 1 3 5 7 9 11 13 15 17 19 21 23 25 27 29:)
 _ _ _ _ _ _ _ _ _ _
|2 2|_  | |    _ _  |
|  _  |  _ _| | |_  |
| |  _ _  |     | | |
|_|_   _|_  | | | | |
|_   _     _ _| | |_|
|_ _  |_|_| |_   _  |
| | |_    | |       |
| | |  _|_|  _|_| | |
|    _    |_| |   |T|
|I|_ _|_|_ _ _|_|_ _|
(sala:0: 0 1 1 2 3)
(sala:1: 5 5 6)
(sala:11: 7 7 8 9 9)
(sala:12: 10 11 11 12 13)
(sala:22: 13 14 15 15 16)
(sala:26: 17 17 18 19 19)
(sala:27: 20 21 21 22 23)
(sala:37: 23 24 25 25 26)
(sala:47: 27 27 28 29 29)
(stark:S:0:2:)
(targaryen:A:0:2:)
(stark:J:1:1: 3)
(targaryen:D:1:1: 4)
(lannister:T:89:1: 29 27 25 23 21 19 17 15 13 11 9 7 5 3 1)
(caminante:I:90:2:)
(turno:2)
(mapa:99)
(puerta:cerrada:5: 1 3 5 7 9 11 13 15 17 19 21 23 25 27 29:)
 _ _ _ _ _ _ _ _ _ _
|_ 2|_  | |    _ _  |
|  2  |  _ _| | |_  |
| |  _ _  |     | | |
|_|_   _|_  | | | | |
|_   _     _ _| | |_|
|_ _  |_|_| |_   _  |
| | |_    | |       |
| | |  _|_|  _|_| |T|
|I   _    |_| |   | |
|_|_ _|_|_ _ _|_|_ _|
(sala:0: 0 1 1 2 3)
(sala:1: 6)
(sala:11: 8 9 9)
(sala:12: 10 11 11 12 13)
(sala:22: 13 14 15 15 16)
(sala:26: 17 17 18 19 19)
(sala:27: 20 21 21 22 23)
(sala:37: 23 24 25 25 26)
(sala:47: 27 27 28 29 29)
(stark:S:1:2: 5)
(targaryen:A:1:2: 5)
(stark:J:11:2: 7 3)
(targaryen:D:11:2: 7 4)
(lannister:T:79:2: 29 27 25 23 21 19 17 15 13 11 9 7 5 3 1)
(caminante:I:80:2:)
(turno:3)
(mapa:99)
(puerta:cerrada:5: 1 3 5 7 9 11 13 15 17 19 21 23 25 27 29:)
 _ _ _ _ _ _ _ _ _ _
|_  |_  | |    _ _  |
|D 2 J|  _ _| | |_  |
| |  _ _  |     | | |
|_|_   _|_  | | | | |
|_   _     _ _| | |_|
|_ _  |_|_| |_   _  |
| | |_    | |      T|
| | |  _|_|  _|_| | |
|  I _    |_| |   | |
|_|_ _|_|_ _ _|_|_ _|
(sala:0: 0 1 1 2 3)
(sala:1: 6)
(sala:11: 9)
(sala:12: 11 11 12 13)
(sala:22: 13 14 15 15 16)
(sala:26: 17 17 18 19 19)
(sala:27: 20 21 21 22 23)
(sala:37: 23 24 25 25 26)
(sala:47: 27 27 28 29 29)
(targaryen:D:10:3: 7 4)
(stark:S:11:3: 8 5)
(targaryen:A:11:3: 9 5)
(stark:J:12:3: 10 7 3)
(lannister:T:69:3: 29 27 25 23 21 19 17 15 13 11 9 7 5 3 1)
(caminante:I:81:3:)
(turno:4)
(mapa:99)
(puerta:cerrada:5: 1 3 5 7 9 11 13 15 17 19 21 23 25 27 29:)
 _ _ _ _ _ _ _ _ _ _
|_  |_  | |    _ _  |
|A _ S|  _ _| | |_  |
|D|  J _  |     | | |
|_|_   _|_  | | | | |
|_   _     _ _| | |_|
|_ _  |_|_| |_   _ T|
| | |_    | |       |
| | |  _|_|  _|_| | |
|    I    |_| |   | |
|_|_ _|_|_ _ _|_|_ _|
(sala:0: 0 1 1 2 3)
(sala:1: 6)
(sala:11: 9)
(sala:12: 11 12 13)
(sala:22: 14 15 15 16)
(sala:26: 17 17 18 19 19)
(sala:27: 20 21 21 22 23)
(sala:37: 23 24 25 25 26)
(sala:47: 27 27 28 29 29)
(targaryen:A:10:4: 9 5)
(stark:S:12:4: 11 8 5)
(targaryen:D:20:4: 7 4)
(stark:J:22:4: 13 10 7 3)
(lannister:T:59:4: 29 27 25 23 21 19 17 15 13 11 9 7 5 3 1)
(caminante:I:82:4:)
(turno:5)
(mapa:99)
(puerta:cerrada:5: 1 3 5 7 9 11 13 15 17 19 21 23 25 27 29:)
 _ _ _ _ _ _ _ _ _ _
|_  |_  | |    _ _  |
|  _  |  _ _| | |_  |
|A|J S _  |     | | |
|D|_   _|_  | | | | |
|_   _     _ _| | |_|
|_ _  |_|_| |_   T  |
| | |_    | |       |
| | |I _|_|  _|_| | |
|    _    |_| |   | |
|_|_ _|_|_ _ _|_|_ _|
(sala:0: 0 1 1 2 3)
(sala:1: 6)
(sala:11: 9)
(sala:12: 11 12 13)
(sala:22: 15 15 16)
(sala:26: 17 17 18 19 19)
(sala:27: 20 21 21 22 23)
(sala:37: 23 24 25 25 26)
(sala:47: 27 27 28 29 29)
(sala:58: 29)
(targaryen:A:20:5: 9 5)
(stark:J:21:5: 13 10 7 3)
(stark:S:22:5: 14 11 8 5)
(targaryen:D:30:5: 7 4)
(lannister:T:58:5: 27 25 23 21 19 17 15 13 11 9 7 5 3 1)
(caminante:I:72:5:)
(turno:6)
(mapa:99)
(puerta:cerrada:5: 1 3 5 7 9 11 13 15 17 19 21 23 25 27 29:)
 _ _ _ _ _ _ _ _ _ _
|_  |_  | |    _ _  |
|  _  |  _ _| | |_  |
|D|S _ _  |     | | |
|A|J   _|_  | | | | |
|_   _     _ _| | |_|
|_ _  |_|_| |_ T _  |
| | |_    | |       |
| | |  I|_|  _|_| | |
|    _    |_| |   | |
|_|_ _|_|_ _ _|_|_ _|
(sala:0: 0 1 1 2 3)
(sala:1: 6)
(sala:11: 9)
(sala:12: 11 12 13)
(sala:22: 15 15 16)
(sala:26: 17 17 18 19 19)
(sala:27: 20 21 21 22 23)
(sala:37: 23 24 25 25 26)
(sala:47: 27 27 28 29 29)
(sala:58: 29)
(targaryen:D:20:6: 7 4)
(stark:S:21:6: 14 11 8 5)
(targaryen:A:30:6: 9 5)
(stark:J:31:6: 13 10 7 3)
(lannister:T:57:6: 27 25 23 21 19 17 15 13 11 9 7 5 3 1)
(caminante:I:73:6:)
(turno:7)
(mapa:99)
(puerta:cerrada:5: 1 3 5 7 9 11 13 15 17 19 21 23 25 27 29:)
 _ _ _ _ _ _ _ _ _ _
|_  |_  | |    _ _  |
|D _  |  _ _| | |_  |
|A|  _ _  |     | | |
|_|S J _|_  | | | | |
|_   _     _ _|T| |_|
|_ _  |_|_| |_   _  |
| | |_ I  | |       |
| | |  _|_|  _|_| | |
|    _    |_| |   | |
|_|_ _|_|_ _ _|_|_ _|
(sala:0: 0 1 1 2 3)
(sala:1: 6)
(sala:11: 9)
(sala:12: 11 12 13)
(sala:22: 15 15 16)
(sala:26: 17 17 18 19 19)
(sala:27: 20 21 21 22 23)
(sala:37: 23 24 25 25 26)
(sala:47: 27 27 28 29 29)
(sala:58: 29)
(targaryen:D:10:7: 7 4)
(targaryen:A:20:7: 9 5)
(stark:S:31:7: 14 11 8 5)
(stark:J:32:7: 13 10 7 3)
(lannister:T:47:7: 27 25 23 21 19 17 15 13 11 9 7 5 3 1)
(caminante:I:63:7:)
(turno:8)
(mapa:99)
(puerta:cerrada:5: 1 3 5 7 9 11 13 15 17 19 21 23 25 27 29:)
 _ _ _ _ _ _ _ _ _ _
|_  |_  | |    _ _  |
|A D  |  _ _| | |_  |
| |  _ _  |     | | |
|_|_ S _|_  | |T| | |
|_   J     _ _| | |_|
|_ _  |_|_| |_   _  |
| | |I    | |       |
| | |  _|_|  _|_| | |
|    _    |_| |   | |
|_|_ _|_|_ _ _|_|_ _|
(sala:0: 0 1 1 2 3)
(sala:1: 6)
(sala:12: 11 12 13)
(sala:22: 15 15 16)
(sala:26: 17 17 18 19 19)
(sala:27: 20 21 21 22 23)
(sala:37: 23 24 25 25 26)
(sala:47: 27 27 28 29 29)
(sala:58: 29)
(targaryen:A:10:8: 9 5)
(targaryen:D:11:8: 9 7 4)
(stark:S:32:8: 14 11 8 5)
(lannister:T:37:8: 27 25 23 21 19 17 15 13 11 9 7 5 3 1)
(stark:J:42:8: 13 10 7 3)
(caminante:I:62:8:)
(turno:9)
(mapa:99)
(puerta:cerrada:5: 1 3 5 7 9 11 13 15 17 19 21 23 25 27 29:)
 _ _ _ _ _ _ _ _ _ _
|_  |_  | |    _ _  |
|  A D|  _ _| | |_  |
| |  _ _  |    T| | |
|_|_   _|_  | | | | |
|_   S J   _ _| | |_|
|_ _ I|_|_| |_   _  |
| | |_    | |       |
| | |  _|_|  _|_| | |
|    _    |_| |   | |
|_|_ _|_|_ _ _|_|_ _|
(sala:0: 0 1 1 2 3)
(sala:1: 6)
(sala:12: 12 13)
(sala:22: 15 15 16)
(sala:26: 17 17 18 19 19)
(sala:27: 20 21 21 22 23)
(sala:37: 23 24 25 25 26)
(sala:47: 27 27 28 29 29)
(sala:58: 29)
(targaryen:A:11:9: 9 5)
(targaryen:D:12:9: 11 9 7 4)
(lannister:T:27:9: 27 25 23 21 19 17 15 13 11 9 7 5 3 1)
(stark:S:42:9: 14 11 8 5)
(stark:J:43:9: 13 10 7 3)
(caminante:I:52:9:)
(turno:10)
(mapa:99)
(puerta:cerrada:5: 1 3 5 7 9 11 13 15 17 19 21 23 25 27 29:)
 _ _ _ _ _ _ _ _ _ _
|_  |_  | |    _ _  |
|  _ A|  _ _| | |_  |
| |  D _  |  T  | | |
|_|_   _|_  | | | | |
|_   _ S J _ _| | |_|
|_ I  |_|_| |_   _  |
| | |_    | |       |
| | |  _|_|  _|_| | |
|    _    |_| |   | |
|_|_ _|_|_ _ _|_|_ _|
(sala:0: 0 1 1 2 3)
(sala:1: 6)
(sala:12: 13)
(sala:22: 15 16)
(sala:26: 17 17 18 19 19 27)
(sala:27: 20 21 21 22 23)
(sala:37: 23 24 25 25 26)
(sala:47: 27 27 28 29 29)
(sala:58: 29)
(targaryen:A:12:10: 12 9 5)
(targaryen:D:22:10: 15 11 9 7 4)
(lannister:T:26:10: 25 23 21 19 17 15 13 11 9 7 5 3 1)
(stark:S:43:10: 14 11 8 5)
(stark:J:44:10: 13 10 7 3)
(caminante:I:51:10:)
(turno:11)
(mapa:99)
(puerta:cerrada:5: 1 3 5 7 9 11 13 15 17 19 21 23 25 27 29:)
 _ _ _ _ _ _ _ _ _ _
|_  |_  | |    _ _  |
|  _  |  _ _|T| |_  |
| |D A _  |     | | |
|_|_   _|_  | | | | |
|_ I _   S J _| | |_|
|_ _  |_|_| |_   _  |
| | |_    | |       |
| | |  _|_|  _|_| | |
|    _    |_| |   | |
|_|_ _|_|_ _ _|_|_ _|
(sala:0: 0 1 1 2 3)
(sala:1: 6)
(sala:12: 13)
(sala:16: 25)
(sala:22: 16)
(sala:26: 17 17 18 19 19 27)
(sala:27: 20 21 21 22 23)
(sala:37: 23 24 25 25 26)
(sala:47: 27 27 28 29 29)
(sala:58: 29)
(lannister:T:16:11: 23 21 19 17 15 13 11 9 7 5 3 1)
(targaryen:D:21:11: 15 11 9 7 4)
(targaryen:A:22:11: 15 12 9 5)
(caminante:I:41:11:)
(stark:S:44:11: 14 11 8 5)
(stark:J:45:11: 13 10 7 3)
(turno:12)
(mapa:99)
(puerta:cerrada:5: 1 3 5 7 9 11 13 15 17 19 21 23 25 27 29:)
 _ _ _ _ _ _ _ _ _ _
|_  |_  | |  T _ _  |
|  _  |  _ _| | |_  |
| |A _ _  |     | | |
|_|D   _|_ J| | | | |
|_   I     S _| | |_|
|_ _  |_|_| |_   _  |
| | |_    | |       |
| | |  _|_|  _|_| | |
|    _    |_| |   | |
|_|_ _|_|_ _ _|_|_ _|
(sala:0: 0 1 1 2 3)
(sala:1: 6)
(sala:6: 23)
(sala:12: 13)
(sala:16: 25)
(sala:22: 16)
(sala:26: 17 17 18 19 19 27)
(sala:27: 20 21 21 22 23)
(sala:37: 23 24 25 25 26)
(sala:47: 27 27 28 29 29)
(sala:58: 29)
(lannister:T:6:12: 21 19 17 15 13 11 9 7 5 3 1)
(targaryen:A:21:12: 15 12 9 5)
(targaryen:D:31:12: 15 11 9 7 4)
(stark:J:35:12: 13 10 7 3)
(caminante:I:42:12:)
(stark:S:45:12: 14 11 8 5)
(turno:13)
(mapa:99)
(puerta:cerrada:5: 1 3 5 7 9 11 13 15 17 19 21 23 25 27 29:)
 _ _ _ _ _ _ _ _ _ _
|_  |_  | |    T _  |
|  _  |  _ _| | |_  |
| |  _ _  |J    | | |
|_|A I _|_ S| | | | |
|_   _     _ _| | |_|
|_ _  |_|_| |_   _  |
| | |_    | |       |
| | |  _|_|  _|_| | |
|    _    |_| |   | |
|_|_ _|_|_ _ _|_|_ _|
(sala:0: 0 1 1 2 3)
(sala:1: 6)
(sala:6: 23)
(sala:12: 13)
(sala:16: 25)
(sala:22: 16)
(sala:26: 17 17 18 19 19 27)
(sala:27: 20 21 21 22 23)
(sala:37: 23 24 25 25 26)
(sala:47: 27 27 28 29 29)
(sala:58: 29)
(lannister:T:7:13: 21 19 17 15 13 11 9 7 5 3 1)
(stark:J:25:13: 13 10 7 3)
(targaryen:A:31:13: 15 12 9 5)
(caminante:I:32:13: D)
(stark:S:35:13: 14 11 8 5)
(turno:14)
(mapa:99)
(puerta:cerrada:5: 1 3 5 7 9 11 13 15 17 19 21 23 25 27 29:)
 _ _ _ _ _ _ _ _ _ _
|_  |_  | |    _ T  |
|  _  |  _ _| | |_  |
| |  _ _  |S J  | | |
|_|I A _|_  | | | | |
|_   _     _ _| | |_|
|_ _  |_|_| |_   _  |
| | |_    | |       |
| | |  _|_|  _|_| | |
|    _    |_| |   | |
|_|_ _|_|_ _ _|_|_ _|
(sala:0: 0 1 1 2 3)
(sala:1: 6)
(sala:6: 23)
(sala:8: 21)
(sala:12: 13)
(sala:16: 25)
(sala:22: 16)
(sala:26: 17 18 19 19 27)
(sala:27: 20 21 21 22 23)
(sala:37: 23 24 25 25 26)
(sala:47: 27 27 28 29 29)
(sala:58: 29)
(lannister:T:8:14: 19 17 15 13 11 9 7 5 3 1)
(stark:S:25:14: 14 11 8 5)
(stark:J:26:14: 17 13 10 7 3)
(caminante:I:31:14: D)
(targaryen:A:32:14: 15 12 9 5)
(turno:15)
(mapa:99)
(puerta:cerrada:5: 1 3 5 7 9 11 13 15 17 19 21 23 25 27 29:)
 _ _ _ _ _ _ _ _ _ _
|_  |_  | |    _ _ T|
|  _  |  _ _| | |_  |
| |I _ _  |  S J| | |
|_|_   _|_  | | | | |
|_   A     _ _| | |_|
|_ _  |_|_| |_   _  |
| | |_    | |       |
| | |  _|_|  _|_| | |
|    _    |_| |   | |
|_|_ _|_|_ _ _|_|_ _|
(sala:0: 0 1 1 2 3)
(sala:1: 6)
(sala:6: 23)
(sala:8: 21)
(sala:12: 13)
(sala:16: 25)
(sala:22: 16)
(sala:26: 18 19 19 27)
(sala:27: 21 21 22 23)
(sala:37: 23 24 25 25 26)
(sala:47: 27 27 28 29 29)
(sala:58: 29)
(lannister:T:9:15: 19 17 15 13 11 9 7 5 3 1)
(caminante:I:21:15: D)
(stark:S:26:15: 17 14 11 8 5)
(stark:J:27:15: 20 17 13 10 7 3)
(targaryen:A:42:15: 15 12 9 5)
(turno:16)
(mapa:99)
(puerta:cerrada:5: 1 3 5 7 9 11 13 15 17 19 21 23 25 27 29:)
 _ _ _ _ _ _ _ _ _ _
|_  |_  | |    _ T  |
|  _  |  _ _| | |_  |
| |  I _  |    S| | |
|_|_   _|_  | |J| | |
|_ A _     _ _| | |_|
|_ _  |_|_| |_   _  |
| | |_    | |       |
| | |  _|_|  _|_| | |
|    _    |_| |   | |
|_|_ _|_|_ _ _|_|_ _|
(sala:0: 0 1 1 2 3)
(sala:1: 6)
(sala:6: 23)
(sala:8: 19 21)
(sala:12: 13)
(sala:16: 25)
(sala:22: 16)
(sala:26: 18 19 19 27)
(sala:27: 21 22 23)
(sala:37: 24 25 25 26)
(sala:47: 27 27 28 29 29)
(sala:58: 29)
(lannister:T:8:16: 17 15 13 11 9 7 5 3 1)
(caminante:I:22:16: D)
(stark:S:27:16: 21 17 14 11 8 5)
(stark:J:37:16: 23 20 17 13 10 7 3)
(targaryen:A:41:16: 15 12 9 5)
(turno:17)
(mapa:99)
(puerta:cerrada:5: 1 3 5 7 9 11 13 15 17 19 21 23 25 27 29:)
 _ _ _ _ _ _ _ _ _ _
|_  |_  | |    T _  |
|  _ I|  _ _| | |_  |
| |  _ _  |     | | |
|_|_   _|_  | |S| | |
|A   _     _ _|J| |_|
|_ _  |_|_| |_   _  |
| | |_    | |       |
| | |  _|_|  _|_| | |
|    _    |_| |   | |
|_|_ _|_|_ _ _|_|_ _|
(sala:0: 0 1 1 2 3)
(sala:1: 6)
(sala:6: 23)
(sala:8: 19 21)
(sala:12: 13)
(sala:16: 25)
(sala:22: 16)
(sala:26: 18 19 19 27)
(sala:27: 21 22 23)
(sala:37: 25 25 26)
(sala:47: 27 28 29 29)
(sala:58: 29)
(lannister:T:7:17: 17 15 13 11 9 7 5 3 1)
(caminante:I:12:17: D)
(stark:S:37:17: 24 21 17 14 11 8 5)
(targaryen:A:40:17: 15 12 9 5)
(stark:J:47:17: 27 23 20 17 13 10 7 3)
(turno:18)
(mapa:99)
(puerta:cerrada:5: 1 3 5 7 9 11 13 15 17 19 21 23 25 27 29:)
 _ _ _ _ _ _ _ _ _ _
|_  |_  | |  T _ _  |
|  I  |  _ _| | |_  |
| |  _ _  |     | | |
|_|_   _|_  | | | | |
|_ A _     _ _|S| |_|
|_ _  |_|_| |_ J _  |
| | |_    | |       |
| | |  _|_|  _|_| | |
|    _    |_| |   | |
|_|_ _|_|_ _ _|_|_ _|
(sala:0: 0 1 1 2 3)
(sala:1: 6)
(sala:6: 17 23)
(sala:8: 19 21)
(sala:12: 13)
(sala:16: 25)
(sala:22: 16)
(sala:26: 18 19 19 27)
(sala:27: 21 22 23)
(sala:37: 25 25 26)
(sala:47: 28 29 29)
(sala:58: 29)
(lannister:T:6:18: 15 13 11 9 7 5 3 1)
(caminante:I:11:18: D)
(targaryen:A:41:18: 15 12 9 5)
(stark:S:47:18: 27 24 21 17 14 11 8 5)
(stark:J:57:18: 27 23 20 17 13 10 7 3)
(turno:19)
(mapa:99)
(puerta:cerrada:5: 1 3 5 7 9 11 13 15 17 19 21 23 25 27 29:)
 _ _ _ _ _ _ _ _ _ _
|_ I|_  | |T   _ _  |
|  _  |  _ _| | |_  |
| |  _ _  |     | | |
|_|_   _|_  | | | | |
|_   _     _ _| | |_|
|_ A  |_|_| |_ S J  |
| | |_    | |       |
| | |  _|_|  _|_| | |
|    _    |_| |   | |
|_|_ _|_|_ _ _|_|_ _|
(sala:0: 0 1 1 2 3)
(sala:1: 6)
(sala:6: 17 23)
(sala:8: 19 21)
(sala:12: 13)
(sala:16: 25)
(sala:22: 16)
(sala:26: 18 19 19 27)
(sala:27: 21 22 23)
(sala:37: 25 25 26)
(sala:47: 28 29 29)
(caminante:I:1:19: D)
(lannister:T:5:19: 15 13 11 9 7 5 3 1)
(targaryen:A:51:19: 15 12 9 5)
(stark:S:57:19: 27 24 21 17 14 11 8 5)
(stark:J:58:19: 29 27 23 20 17 13 10 7 3)
(turno:20)
(mapa:99)
(puerta:cerrada:5: 1 3 5 7 9 11 13 15 17 19 21 23 25 27 29:)
 _ _ _ _ _ _ _ _ _ _
|I  |_  | |    _ _  |
|  _  |  _ T| | |_  |
| |  _ _  |     | | |
|_|_   _|_  | | | | |
|_   _     _ _| | |_|
|A _  |_|_| |_   S J|
| | |_    | |       |
| | |  _|_|  _|_| | |
|    _    |_| |   | |
|_|_ _|_|_ _ _|_|_ _|
(sala:0: 0 1 1 2 3)
(sala:1: 6)
(sala:6: 17 23)
(sala:8: 19 21)
(sala:12: 13)
(sala:16: 25)
(sala:22: 16)
(sala:26: 18 19 19 27)
(sala:27: 21 22 23)
(sala:37: 25 25 26)
(sala:47: 28 29 29)
(caminante:I:0:20: D)
(lannister:T:15:20: 15 13 11 9 7 5 3 1)
(targaryen:A:50:20: 15 12 9 5)
(stark:S:58:20: 27 24 21 17 14 11 8 5)
(stark:J:59:20: 29 27 23 20 17 13 10 7 3)
(turno:21)
(mapa:99)
(puerta:cerrada:5: 1 3 5 7 9 11 13 15 17 19 21 23 25 27 29:)
 _ _ _ _ _ _ _ _ _ _
|_ I|_  | |    _ _  |
|  _  |  T _| | |_  |
| |  _ _  |     | | |
|_|_   _|_  | | | | |
|_   _     _ _| | |_|
|_ A  |_|_| |_   _ S|
| | |_    | |      J|
| | |  _|_|  _|_| | |
|    _    |_| |   | |
|_|_ _|_|_ _ _|_|_ _|
(sala:0: 0 1 1 2 3)
(sala:1: 6)
(sala:6: 17 23)
(sala:8: 19 21)
(sala:12: 13)
(sala:14: 15)
(sala:16: 25)
(sala:22: 16)
(sala:26: 18 19 19 27)
(sala:27: 21 22 23)
(sala:37: 25 25 26)
(sala:47: 28 29 29)
(caminante:I:1:21: D)
(lannister:T:14:21: 13 11 9 7 5 3 1)
(targaryen:A:51:21: 15 12 9 5)
(stark:S:59:21: 27 24 21 17 14 11 8 5)
(stark:J:69:21: 29 27 23 20 17 13 10 7 3)
(turno:22)
(mapa:99)
(puerta:cerrada:5: 1 3 5 7 9 11 13 15 17 19 21 23 25 27 29:)
 _ _ _ _ _ _ _ _ _ _
|_  |_  | |    _ _  |
|  I  |T _ _| | |_  |
| |  _ _  |     | | |
|_|_   _|_  | | | | |
|_   _     _ _| | |_|
|_ _ A|_|_| |_   _  |
| | |_    | |    J S|
| | |  _|_|  _|_| | |
|    _    |_| |   | |
|_|_ _|_|_ _ _|_|_ _|
(sala:0: 0 1 1 2 3)
(sala:1: 6)
(sala:6: 17 23)
(sala:8: 19 21)
(sala:12: 13)
(sala:14: 15)
(sala:16: 25)
(sala:22: 16)
(sala:26: 18 19 19 27)
(sala:27: 21 22 23)
(sala:37: 25 25 26)
(sala:47: 28 29 29)
(caminante:I:11:22: D)
(lannister:T:13:22: 13 11 9 7 5 3 1)
(targaryen:A:52:22: 15 12 9 5)
(stark:J:68:22: 29 27 23 20 17 13 10 7 3)
(stark:S:69:22: 27 24 21 17 14 11 8 5)
(turno:23)
(mapa:99)
(puerta:cerrada:5: 1 3 5 7 9 11 13 15 17 19 21 23 25 27 29:)
 _ _ _ _ _ _ _ _ _ _
|_  |_  | |    _ _  |
|  _ I|  _ _| | |_  |
| |  _ T  |     | | |
|_|_   _|_  | | | | |
|_   _     _ _| | |_|
|_ _  |_|_| |_   _  |
| | |A    | |    S  |
| | |  _|_|  _|_|J| |
|    _    |_| |   | |
|_|_ _|_|_ _ _|_|_ _|
(sala:0: 0 1 1 2 3)
(sala:1: 6)
(sala:6: 17 23)
(sala:8: 19 21)
(sala:12: 13)
(sala:14: 15)
(sala:16: 25)
(sala:22: 16)
(sala:26: 18 19 19 27)
(sala:27: 21 22 23)
(sala:37: 25 25 26)
(sala:47: 28 29 29)
(caminante:I:12:23: D)
(lannister:T:23:23: 13 11 9 7 5 3 1)
(targaryen:A:62:23: 15 12 9 5)
(stark:S:68:23: 27 24 21 17 14 11 8 5)
(stark:J:78:23: 29 27 23 20 17 13 10 7 3)
(turno:24)
(mapa:99)
(puerta:cerrada:5: 1 3 5 7 9 11 13 15 17 19 21 23 25 27 29:)
 _ _ _ _ _ _ _ _ _ _
|_  |_  | |    _ _  |
|  _  |  _ _| | |_  |
| |  2 _  |     | | |
|_|_   _|_  | | | | |
|_   _     _ _| | |_|
|_ _  |_|_| |_   _  |
| | |_ A  | |       |
| | |  _|_|  _|_|S| |
|    _    |_| |  J| |
|_|_ _|_|_ _ _|_|_ _|
(sala:0: 0 1 1 2 3)
(sala:1: 6)
(sala:6: 17 23)
(sala:8: 19 21)
(sala:12: 13)
(sala:14: 15)
(sala:16: 25)
(sala:22: 13 16)
(sala:26: 18 19 19 27)
(sala:27: 21 22 23)
(sala:37: 25 25 26)
(sala:47: 28 29 29)
(caminante:I:22:24: D)
(lannister:T:22:24: 11 9 7 5 3 1)
(targaryen:A:63:24: 15 12 9 5)
(stark:S:78:24: 27 24 21 17 14 11 8 5)
(stark:J:88:24: 29 27 23 20 17 13 10 7 3)
(turno:25)
(mapa:99)
(puerta:cerrada:5: 1 3 5 7 9 11 13 15 17 19 21 23 25 27 29:)
 _ _ _ _ _ _ _ _ _ _
|_  |_  | |    _ _  |
|  _ T|  _ _| | |_  |
| |  _ I  |     | | |
|_|_   _|_  | | | | |
|_   _     _ _| | |_|
|_ _  |_|_| |_   _  |
| | |_    | |       |
| | |  A|_|  _|_| | |
|    _    |_| |  S| |
|_|_ _|_|_ _ _|_|J _|
(sala:0: 0 1 1 2 3)
(sala:1: 6)
(sala:6: 17 23)
(sala:8: 19 21)
(sala:12: 11 13)
(sala:14: 15)
(sala:16: 25)
(sala:22: 13 16)
(sala:26: 18 19 19 27)
(sala:27: 21 22 23)
(sala:37: 25 25 26)
(sala:47: 28 29 29)
(lannister:T:12:25: 9 7 5 3 1)
(caminante:I:23:25: D)
(targaryen:A:73:25: 15 12 9 5)
(stark:S:88:25: 27 24 21 17 14 11 8 5)
(stark:J:98:25: 29 27 23 20 17 13 10 7 3)
(turno:26)
(mapa:99)
(puerta:cerrada:5: 1 3 5 7 9 11 13 15 17 19 21 23 25 27 29:)
 _ _ _ _ _ _ _ _ _ _
|_  |_  | |    _ _  |
|  T  |I _ _| | |_  |
| |  _ _  |     | | |
|_|_   _|_  | | | | |
|_   _     _ _| | |_|
|_ _  |_|_| |_   _  |
| | |_    | |       |
| | |A _|_|  _|_| | |
|    _    |_| |   | |
|_|_ _|_|_ _ _|_|S J|
(sala:0: 0 1 1 2 3)
(sala:1: 6)
(sala:6: 17 23)
(sala:8: 19 21)
(sala:12: 11 13)
(sala:14: 15)
(sala:16: 25)
(sala:22: 13 16)
(sala:26: 18 19 19 27)
(sala:27: 21 22 23)
(sala:37: 25 25 26)
(sala:47: 28 29 29)
(lannister:T:11:26: 9 7 5 3 1)
(caminante:I:13:26: D)
(targaryen:A:72:26: 15 12 9 5)
(stark:S:98:26: 27 24 21 17 14 11 8 5)
(stark:J:99:26: 29 27 23 20 17 13 10 7 3)
(turno:27)
(mapa:99)
(puerta:abierta:5: 1 3 5 7 9 11 13 15 17 19 21 23 25 27: 29)
 _ _ _ _ _ _ _ _ _ _
|_ T|_  | |    _ _  |
|  _  |  I _| | |_  |
| |  _ _  |     | | |
|_|_   _|_  | | | | |
|_   _     _ _| | |_|
|_ _  |_|_| |_   _  |
| | |_    | |       |
| | |  _|_|  _|_| | |
|    A    |_| |   | |
|_|_ _|_|_ _ _|_|_ S|
(sala:0: 0 1 1 2 3)
(sala:1: 6)
(sala:6: 17 23)
(sala:8: 19 21)
(sala:12: 11 13)
(sala:14: 15)
(sala:16: 25)
(sala:22: 13 16)
(sala:26: 18 19 19 27)
(sala:27: 21 22 23)
(sala:37: 25 25 26)
(sala:47: 28 29 29)
(lannister:T:1:27: 9 7 5 3 1)
(caminante:I:14:27: D)
(targaryen:A:82:27: 15 12 9 5)
(stark:S:99:27: 27 24 21 17 14 11 8 5)
(miembrostrono)
(nuevorey:stark:J:1111:27: 27 23 20 17 13 10 7 3)
