 _ _ _ _
|_ _  | |
| |_    |
|_  | | |
|_ _ _|_|
(ruta:J: E E S E S S)
(ruta:D: E E S O E S S O N O N S E S O E E N N E S S)
(ruta:S: E E S E S S)
(ruta:A: E E S O E S S O N O N S E S O E E N N E S S)
(ruta:I: E E N N N O O E E S E N S S S N N O S S O O)
(ruta:T: N N N S O N O O E E S S S O O E E N N E S S)
(turno:0)
(mapa:15)
(puerta:cerrada:5: 1 3 5 7 9 11 13 15 17 19 21 23 25 27 29:)
 _ _ _ _
|4 _  | |
| |_    |
|_  | | |
|I _ _|T|
(sala:0: 0 1 1 2 3)
(sala:1: 3 4 5 5 6)
(sala:2: 7 7 8 9 9)
(sala:3: 23 24 25 25 26)
(sala:4: 27 27 28 29 29)
(sala:6: 10 11 11 12 13)
(sala:7: 13 14 15 15 16)
(sala:11: 17 17 18 19 19)
(sala:15: 20 21 21 22 23)
(stark:J:0:1:)
(targaryen:D:0:1:)
(stark:S:0:2:)
(targaryen:A:0:2:)
(caminante:I:12:2:)
(lannister:T:15:1: 29 27 25 23 21 19 17 15 13 11 9 7 5 3 1)
(turno:1)
(mapa:15)
(puerta:cerrada:5: 1 3 5 7 9 11 13 15 17 19 21 23 25 27 29:)
 _ _ _ _
|2 2  | |
| |_    |
|_  | |T|
|I _ _|_|
(sala:0: 0 1 1 2 3)
(sala:1: 5 5 6)
(sala:2: 7 7 8 9 9)
(sala:3: 23 24 25 25 26)
(sala:4: 27 27 28 29 29)
(sala:6: 10 11 11 12 13)
(sala:7: 13 14 15 15 16)
(sala:11: 17 17 18 19 19)
(sala:15: 20 21 21 22 23)
(stark:S:0:2:)
(targaryen:A:0:2:)
(stark:J:1:1: 3)
(targaryen:D:1:1: 4)
(lannister:T:11:1: 29 27 25 23 21 19 17 15 13 11 9 7 5 3 1)
(caminante:I:12:2:)
(turno:2)
(mapa:15)
(puerta:cerrada:5: 1 3 5 7 9 11 13 15 17 19 21 23 25 27 29:)
 _ _ _ _
|_ 2 2| |
| |_   T|
|_  | | |
|_ I _|_|
(sala:0: 0 1 1 2 3)
(sala:1: 6)
(sala:2: 8 9 9)
(sala:3: 23 24 25 25 26)
(sala:4: 27 27 28 29 29)
(sala:6: 10 11 11 12 13)
(sala:7: 13 14 15 15 16)
(sala:11: 17 17 18 19 19)
(sala:15: 20 21 21 22 23)
(stark:S:1:2: 5)
(targaryen:A:1:2: 5)
(stark:J:2:2: 7 3)
(targaryen:D:2:2: 7 4)
(lannister:T:7:2: 29 27 25 23 21 19 17 15 13 11 9 7 5 3 1)
(caminante:I:13:2:)
(turno:3)
(mapa:15)
(puerta:cerrada:5: 1 3 5 7 9 11 13 15 17 19 21 23 25 27 29:)
 _ _ _ _
|_ _ 2|T|
| |_ 2  |
|_  | | |
|_ _ I|_|
(sala:0: 0 1 1 2 3)
(sala:1: 6)
(sala:2: 9)
(sala:3: 23 24 25 25 26)
(sala:4: 27 27 28 29 29)
(sala:6: 11 12 13)
(sala:7: 13 14 15 15 16)
(sala:11: 17 17 18 19 19)
(sala:15: 20 21 21 22 23)
(stark:S:2:3: 8 5)
(targaryen:A:2:3: 9 5)
(lannister:T:3:3: 29 27 25 23 21 19 17 15 13 11 9 7 5 3 1)
(stark:J:6:3: 10 7 3)
(targaryen:D:6:3: 11 7 4)
(caminante:I:14:3:)
(turno:4)
(mapa:15)
(puerta:cerrada:5: 1 3 5 7 9 11 13 15 17 19 21 23 25 27 29:)
 _ _ _ _
|_ _  | |
| |D 2 2|
|_  |I| |
|_ _ _|_|
(sala:0: 0 1 1 2 3)
(sala:1: 6)
(sala:2: 9)
(sala:3: 23 24 25 25 26)
(sala:4: 27 27 28 29 29)
(sala:6: 13)
(sala:7: 14 15 15 16)
(sala:11: 17 17 18 19 19)
(sala:15: 20 21 21 22 23)
(targaryen:D:5:4: 11 7 4)
(stark:S:6:4: 11 8 5)
(targaryen:A:6:4: 12 9 5)
(lannister:T:7:4: 29 27 25 23 21 19 17 15 13 11 9 7 5 3 1)
(stark:J:7:4: 13 10 7 3)
(caminante:I:10:4:)
(turno:5)
(mapa:15)
(puerta:cerrada:5: 1 3 5 7 9 11 13 15 17 19 21 23 25 27 29:)
 _ _ _ _
|_ _  | |
| |A 2 S|
|_  | |J|
|_ _ _|_|
(sala:0: 0 1 1 2 3)
(sala:1: 6)
(sala:2: 9)
(sala:3: 23 24 25 25 26)
(sala:4: 27 27 28 29 29)
(sala:6: 29)
(sala:7: 15 15 16)
(sala:11: 17 18 19 19)
(sala:15: 20 21 21 22 23)
(targaryen:A:5:5: 12 9 5)
(lannister:T:6:5: 27 25 23 21 19 17 15 13 11 9 7 5 3 1)
(caminante:I:6:5: D)
(stark:S:7:5: 14 11 8 5)
(stark:J:11:5: 17 13 10 7 3)
(turno:6)
(mapa:15)
(puerta:cerrada:5: 1 3 5 7 9 11 13 15 17 19 21 23 25 27 29:)
 _ _ _ _
|_ _ I| |
| |_ A  |
|_  | |S|
|_ _ _|J|
(sala:0: 0 1 1 2 3)
(sala:1: 6)
(sala:2: 9 27)
(sala:3: 23 24 25 25 26)
(sala:4: 27 27 28 29 29)
(sala:7: 15 15 16)
(sala:11: 18 19 19)
(sala:15: 21 21 22 23)
(caminante:I:2:6: D T)
(targaryen:A:6:6: 29 12 9 5)
(stark:S:11:6: 17 14 11 8 5)
(stark:J:15:6: 20 17 13 10 7 3)
(turno:7)
(mapa:15)
(puerta:cerrada:5: 1 3 5 7 9 11 13 15 17 19 21 23 25 27 29: 20)
 _ _ _ _
|_ I  | |
| |_    |
|_  |A| |
|_ _ _|2|
(sala:0: 0 1 1 2 3)
(sala:1: 6)
(sala:2: 9 27)
(sala:3: 23 24 25 25 26)
(sala:4: 27 27 28 29 29)
(sala:7: 15 15 16)
(sala:11: 18 19 19)
(sala:15: 22 23)
(caminante:I:1:7: D T)
(targaryen:A:10:7: 29 12 9 5)
(stark:J:15:7: 21 17 13 10 7 3)
(stark:S:15:7: 21 17 14 11 8 5)
(turno:8)
(mapa:15)
(puerta:abierta:5: 1 3 5 7 9 11 13 15 17 19 23 25 27 29: 20 21)
 _ _ _ _
|I _  | |
| |_    |
|_  | | |
|_ _ A|_|
(sala:0: 0 1 1 2 3)
(sala:1: 6)
(sala:2: 9 27)
(sala:3: 23 24 25 25 26)
(sala:4: 27 27 28 29 29)
(sala:7: 15 15 16)
(sala:11: 18 19 19)
(sala:15: 22 23)
(caminante:I:0:8: D T)
(targaryen:A:14:8: 29 12 9 5)
(miembrostrono)
(nuevorey:stark:J:1111:8: 17 13 10 7 3)
(stark:S:1111:8: 21 17 14 11 8 5)
