 _ _ _ _ _ _ _ _ _ _ _
| |      _| |  _|  _ _|
|_  |_|_|_ _   _|  _ _|
|_ _ _  |  _| |  _ _ _|
| |      _|   | | |   |
| |_| |_ _| |_   _ _|_|
|_   _ _  |_  | | |_  |
|  _| | |_   _|_ _ _| |
| |_   _|  _ _ _| | | |
|_   _| |    _| |_ _  |
|_ _ _|_ _|_ _ _ _ _ _|
(ruta:J: S E N E E E E S E S S O S S E S O S O S E S E E E E E)
(ruta:D: S E S O E E E S O O S N E S S O O N N S S E S O S S E S O E E O N E N E N S O N S O E S O O N N E N E E E S E S O S S O N S E N E S E E E E E)
(ruta:S: S E N E E E E S E S S O S S E S O S O S E S E E E E E)
(ruta:A: S E S O E E E S O O S N E S S O O N N S S E S O S S E S O E E O N E N E N S O N S O E S O O N N E N E E E S E S O S S O N S E N E S E E E E E)
(ruta:I: E N O N N E N E N N E N O O N O N S E N E E E E S E S S S E N N E N N E E O O S S O S S E E S E S S S S O O O O O N O N E N O N O O O S O S S E S O)
(ruta:T: N N N N O N O O N N E N N E E O O S S O S S O N N N O N O O O O S O N S E S E E S O S S O S O S S E S O E N O N N E N E E E S E S O S E S E E E E E)
(ruta:V: N N N N O N O O N N E N N E E O O S S O S S O N N N O N O O O O S O N S E S E E S O S S O S O S S E S O E N O N N E N E E E S E S O S E S E E E E E)
(turno:0)
(mapa:109)
(puerta:cerrada:6: 1 3 5 7 9 11 13 15 17 19 21 23 25 27 29:)
 _ _ _ _ _ _ _ _ _ _ _
|4|      _  |  _|  _ _|
|_  |_| |_ _   _|  _ _|
|_ _ _  |  _| |  _ _ _|
| |      _|   | | |   |
| |_| |  _| |_   _  |_|
|_   _ _  |_  | | |   |
|  _| | |_   _|_ _ _| |
| |_   _|  _ _ _| | | |
|_   _| |    _| |_ _  |
|I _ _|_ _|_ _ _ _ _ 2|
(sala:0: 0 1 1 2 3)
(sala:3: 23 24 25 25 26)
(sala:11: 3 4 5 5 6)
(sala:12: 7 7 8 9 9)
(sala:25: 13 14 15 15 16)
(sala:36: 27 27 28 29 29)
(sala:39: 17 17 18 19 19)
(sala:71: 20 21 21 22 23)
(sala:109: 10 11 11 12 13)
(stark:J:0:1:)
(targaryen:D:0:4:)
(stark:S:0:6:)
(targaryen:A:0:4:)
(caminante:I:99:3:)
(lannister:T:109:1: 29 27 25 23 21 19 17 15 13 11 9 7 5 3 1)
(lannisterneo:V:109:3: 29 27 25 23 21 19 17 15 13 11 9 7 5 3 1)
(turno:1)
(mapa:109)
(puerta:cerrada:6: 1 3 5 7 9 11 13 15 17 19 21 23 25 27 29:)
 _ _ _ _ _ _ _ _ _ _ _
|3|      _  |  _|  _ _|
|J  |_| |_ _   _|  _ _|
|_ _ _  |  _| |  _ _ _|
| |      _|   | | |   |
| |_| |  _| |_   _  |_|
|_   _ _  |_  | | |   |
|  _| | |_   _|_ _ _| |
| |_   _|  _ _ _| | | |
|_   _| |    _| |_ _ T|
|I _ _|_ _|_ _ _ _ _ V|
(sala:0: 0 1 1 2 3)
(sala:3: 23 24 25 25 26)
(sala:11: 4 5 5 6)
(sala:12: 7 7 8 9 9)
(sala:25: 13 14 15 15 16)
(sala:36: 27 27 28 29 29)
(sala:39: 17 17 18 19 19)
(sala:71: 20 21 21 22 23)
(sala:98: 29)
(sala:109: 10 11 11 12 13)
(targaryen:D:0:4:)
(stark:S:0:6:)
(targaryen:A:0:4:)
(stark:J:11:1: 3)
(lannister:T:98:1: 27 25 23 21 19 17 15 13 11 9 7 5 3 1)
(caminante:I:99:3:)
(lannisterneo:V:109:3: 29 27 25 23 21 19 17 15 13 11 9 7 5 3 1)
(turno:2)
(mapa:109)
(puerta:cerrada:6: 1 3 5 7 9 11 13 15 17 19 21 23 25 27 29:)
 _ _ _ _ _ _ _ _ _ _ _
|3|      _  |  _|  _ _|
|_ J|_| |_ _   _|  _ _|
|_ _ _  |  _| |  _ _ _|
| |      _|   | | |   |
| |_| |  _| |_   _  |_|
|_   _ _  |_  | | |   |
|  _| | |_   _|_ _ _| |
| |_   _|  _ _ _| | |T|
|_   _| |    _| |_ _  |
|I _ _|_ _|_ _ _ _ _ V|
(sala:0: 0 1 1 2 3)
(sala:3: 23 24 25 25 26)
(sala:11: 4 5 5 6)
(sala:12: 7 8 9 9)
(sala:25: 13 14 15 15 16)
(sala:36: 27 27 28 29 29)
(sala:39: 17 17 18 19 19)
(sala:71: 20 21 21 22 23)
(sala:98: 29)
(sala:109: 10 11 11 12 13)
(stark:S:0:6:)
(targaryen:A:0:4:)
(targaryen:D:0:4:)
(stark:J:12:2: 7 3)
(lannister:T:87:2: 27 25 23 21 19 17 15 13 11 9 7 5 3 1)
(caminante:I:99:3:)
(lannisterneo:V:109:3: 29 27 25 23 21 19 17 15 13 11 9 7 5 3 1)
(turno:3)
(mapa:109)
(puerta:cerrada:6: 1 3 5 7 9 11 13 15 17 19 21 23 25 27 29:)
 _ _ _ _ _ _ _ _ _ _ _
|3|J     _  |  _|  _ _|
|_  |_| |_ _   _|  _ _|
|_ _ _  |  _| |  _ _ _|
| |      _|   | | |   |
| |_| |  _| |_   _  |_|
|_   _ _  |_  | | |   |
|  _| | |_   _|_ _ _|T|
| |_   _|  _ _ _| | | |
|_   _| |    _| |_ _ V|
|_ I _|_ _|_ _ _ _ _ _|
(sala:0: 0 1 1 2 3)
(sala:3: 23 24 25 25 26)
(sala:11: 4 5 5 6)
(sala:12: 7 8 9 9)
(sala:25: 13 14 15 15 16)
(sala:36: 27 27 28 29 29)
(sala:39: 17 17 18 19 19)
(sala:71: 20 21 21 22 23)
(sala:76: 27)
(sala:98: 29 29)
(sala:109: 10 11 11 12 13)
(targaryen:A:0:4:)
(targaryen:D:0:4:)
(stark:S:0:6:)
(stark:J:1:3: 7 3)
(lannister:T:76:3: 25 23 21 19 17 15 13 11 9 7 5 3 1)
(lannisterneo:V:98:3: 27 25 23 21 19 17 15 13 11 9 7 5 3 1)
(caminante:I:100:3:)
(turno:4)
(mapa:109)
(puerta:cerrada:6: 1 3 5 7 9 11 13 15 17 19 21 23 25 27 29:)
 _ _ _ _ _ _ _ _ _ _ _
|S|  J   _  |  _|  _ _|
|2  |_| |_ _   _|  _ _|
|_ _ _  |  _| |  _ _ _|
| |      _|   | | |   |
| |_| |  _| |_   _  |_|
|_   _ _  |_  | | |  T|
|  _| | |_   _|_ _ _| |
| |_   _|  _ _ _| | |V|
|_ I _| |    _| |_ _  |
|_ _ _|_ _|_ _ _ _ _ _|
(sala:0: 0 1 1 2 3)
(sala:3: 23 24 25 25 26)
(sala:11: 5 6)
(sala:12: 7 8 9 9)
(sala:25: 13 14 15 15 16)
(sala:36: 27 27 28 29 29)
(sala:39: 17 17 18 19 19)
(sala:71: 20 21 21 22 23)
(sala:76: 27)
(sala:98: 29 29)
(sala:109: 10 11 11 12 13)
(stark:S:0:6:)
(stark:J:2:4: 7 3)
(targaryen:D:11:4: 5)
(targaryen:A:11:4: 4)
(lannister:T:65:4: 25 23 21 19 17 15 13 11 9 7 5 3 1)
(lannisterneo:V:87:4: 27 25 23 21 19 17 15 13 11 9 7 5 3 1)
(caminante:I:89:4:)
(turno:5)
(mapa:109)
(puerta:cerrada:6: 1 3 5 7 9 11 13 15 17 19 21 23 25 27 29:)
 _ _ _ _ _ _ _ _ _ _ _
|S|    J _  |  _|  _ _|
|_ 2|_| |_ _   _|  _ _|
|_ _ _  |  _| |  _ _ _|
| |      _|   | | |   |
| |_| |  _| |_   _  |_|
|_   _ _  |_  | | |T  |
|  _| | |_   _|_ _ _|V|
| |_   _|  _ _ _| | | |
|I   _| |    _| |_ _  |
|_ _ _|_ _|_ _ _ _ _ _|
(sala:0: 0 1 1 2 3)
(sala:3: 24 25 25 26)
(sala:11: 5 6)
(sala:12: 9 9)
(sala:25: 13 14 15 15 16)
(sala:36: 27 27 28 29 29)
(sala:39: 17 17 18 19 19)
(sala:64: 25)
(sala:71: 20 21 21 22 23)
(sala:76: 27 27)
(sala:98: 29 29)
(sala:109: 10 11 11 12 13)
(stark:S:0:6:)
(stark:J:3:5: 23 7 3)
(targaryen:A:12:5: 8 4)
(targaryen:D:12:5: 7 5)
(lannister:T:64:5: 23 21 19 17 15 13 11 9 7 5 3 1)
(lannisterneo:V:76:5: 25 23 21 19 17 15 13 11 9 7 5 3 1)
(caminante:I:88:5:)
(turno:6)
(mapa:109)
(puerta:cerrada:6: 1 3 5 7 9 11 13 15 17 19 21 23 25 27 29:)
 _ _ _ _ _ _ _ _ _ _ _
| |      J  |  _|  _ _|
|S  |_| |_ _   _|  _ _|
|_ 2 _  |  _| |  _ _ _|
| |      _|   | | |   |
| |_| |  _| |_   _ T|_|
|_   _ _  |_  | | |  V|
|  _| | |_   _|_ _ _| |
|I|_   _|  _ _ _| | | |
|_   _| |    _| |_ _  |
|_ _ _|_ _|_ _ _ _ _ _|
(sala:0: 0 1 1 2 3)
(sala:3: 24 25 25 26)
(sala:11: 6)
(sala:12: 9 9)
(sala:25: 13 14 15 15 16)
(sala:36: 27 27 28 29 29)
(sala:39: 17 17 18 19 19)
(sala:64: 25)
(sala:71: 20 21 21 22 23)
(sala:76: 27 27)
(sala:98: 29 29)
(sala:109: 10 11 11 12 13)
(stark:J:4:6: 23 7 3)
(stark:S:11:6: 5)
(targaryen:D:23:6: 7 5)
(targaryen:A:23:6: 8 4)
(lannister:T:53:6: 23 21 19 17 15 13 11 9 7 5 3 1)
(lannisterneo:V:65:6: 25 23 21 19 17 15 13 11 9 7 5 3 1)
(caminante:I:77:6:)
(turno:7)
(mapa:109)
(puerta:cerrada:6: 1 3 5 7 9 11 13 15 17 19 21 23 25 27 29:)
 _ _ _ _ _ _ _ _ _ _ _
| |      _ J|  _|  _ _|
|_ S|_| |_ _   _|  _ _|
|2 _ _  |  _| |  _ _ _|
| |      _|   | | |   |
| |_| |  _| |_   T  |_|
|_   _ _  |_  | | |V  |
|I _| | |_   _|_ _ _| |
| |_   _|  _ _ _| | | |
|_   _| |    _| |_ _  |
|_ _ _|_ _|_ _ _ _ _ _|
(sala:0: 0 1 1 2 3)
(sala:3: 24 25 25 26)
(sala:11: 6)
(sala:12: 9)
(sala:25: 13 14 15 15 16)
(sala:36: 27 27 28 29 29)
(sala:39: 17 17 18 19 19)
(sala:52: 23)
(sala:64: 25 25)
(sala:71: 20 21 21 22 23)
(sala:76: 27 27)
(sala:98: 29 29)
(sala:109: 10 11 11 12 13)
(stark:J:5:7: 23 7 3)
(stark:S:12:7: 9 5)
(targaryen:D:22:7: 7 5)
(targaryen:A:22:7: 8 4)
(lannister:T:52:7: 21 19 17 15 13 11 9 7 5 3 1)
(lannisterneo:V:64:7: 23 21 19 17 15 13 11 9 7 5 3 1)
(caminante:I:66:7:)
(turno:8)
(mapa:109)
(puerta:cerrada:6: 1 3 5 7 9 11 13 15 17 19 21 23 25 27 29:)
 _ _ _ _ _ _ _ _ _ _ _
| |S     _  |  _|  _ _|
|_  |_| |_ J   _|  _ _|
|_ 2 _  |  _| |  _ _ _|
| |      _|   | | |   |
| |_| |  _| |_ T _ V|_|
|_   _ _  |_  | | |   |
|  I| | |_   _|_ _ _| |
| |_   _|  _ _ _| | | |
|_   _| |    _| |_ _  |
|_ _ _|_ _|_ _ _ _ _ _|
(sala:0: 0 1 1 2 3)
(sala:3: 24 25 25 26)
(sala:11: 6)
(sala:12: 9)
(sala:25: 13 14 15 15 16)
(sala:36: 27 27 28 29 29)
(sala:39: 17 17 18 19 19)
(sala:52: 23)
(sala:64: 25 25)
(sala:71: 20 21 21 22 23)
(sala:76: 27 27)
(sala:98: 29 29)
(sala:109: 10 11 11 12 13)
(stark:S:1:8: 9 5)
(stark:J:16:8: 23 7 3)
(targaryen:A:23:8: 8 4)
(targaryen:D:23:8: 7 5)
(lannister:T:51:8: 21 19 17 15 13 11 9 7 5 3 1)
(lannisterneo:V:53:8: 23 21 19 17 15 13 11 9 7 5 3 1)
(caminante:I:67:8:)
(turno:9)
(mapa:109)
(puerta:cerrada:6: 1 3 5 7 9 11 13 15 17 19 21 23 25 27 29:)
 _ _ _ _ _ _ _ _ _ _ _
| |  S   _  |  _|  _ _|
|_  |_| |_ _ J _|  _ _|
|_ _ 2  |  _| |  _ _ _|
| |      _|   |T| |   |
| |_| |  _| |_   V  |_|
|_ I _ _  |_  | | |   |
|  _| | |_   _|_ _ _| |
| |_   _|  _ _ _| | | |
|_   _| |    _| |_ _  |
|_ _ _|_ _|_ _ _ _ _ _|
(sala:0: 0 1 1 2 3)
(sala:3: 24 25 25 26)
(sala:11: 6)
(sala:12: 9)
(sala:25: 13 14 15 15 16)
(sala:36: 27 27 28 29 29)
(sala:39: 17 17 18 19 19)
(sala:40: 21)
(sala:52: 23 23)
(sala:64: 25 25)
(sala:71: 20 21 21 22 23)
(sala:76: 27 27)
(sala:98: 29 29)
(sala:109: 10 11 11 12 13)
(stark:S:2:9: 9 5)
(stark:J:17:9: 23 7 3)
(targaryen:D:24:9: 7 5)
(targaryen:A:24:9: 8 4)
(lannister:T:40:9: 19 17 15 13 11 9 7 5 3 1)
(lannisterneo:V:52:9: 21 19 17 15 13 11 9 7 5 3 1)
(caminante:I:56:9:)
(turno:10)
(mapa:109)
(puerta:cerrada:6: 1 3 5 7 9 11 13 15 17 19 21 23 25 27 29:)
 _ _ _ _ _ _ _ _ _ _ _
| |    S _  |  _|  _ _|
|_  |_| |_ _   _|  _ _|
|_ _ _ 2|  _|J|T _ _ _|
| |      _|   | | |   |
| |_| |  _| |_ V _  |_|
|_   I _  |_  | | |   |
|  _| | |_   _|_ _ _| |
| |_   _|  _ _ _| | | |
|_   _| |    _| |_ _  |
|_ _ _|_ _|_ _ _ _ _ _|
(sala:0: 0 1 1 2 3)
(sala:3: 25 25 26)
(sala:11: 6)
(sala:12: 9)
(sala:25: 15 15 16)
(sala:36: 27 27 28 29 29)
(sala:39: 17 17 18 19 19)
(sala:40: 21)
(sala:52: 23 23)
(sala:64: 25 25)
(sala:71: 20 21 21 22 23)
(sala:76: 27 27)
(sala:98: 29 29)
(sala:109: 10 11 11 12 13)
(stark:S:3:10: 24 9 5)
(targaryen:A:25:10: 14 8 4)
(targaryen:D:25:10: 13 7 5)
(stark:J:28:10: 23 7 3)
(lannister:T:29:10: 19 17 15 13 11 9 7 5 3 1)
(lannisterneo:V:51:10: 21 19 17 15 13 11 9 7 5 3 1)
(caminante:I:57:10:)
(turno:11)
(mapa:109)
(puerta:cerrada:6: 1 3 5 7 9 11 13 15 17 19 21 23 25 27 29:)
 _ _ _ _ _ _ _ _ _ _ _
| |      S  |  _|  _ _|
|_  |_| |_ _   _|  _ _|
|_ _ _  |  _| |  T _ _|
| |    2 _|  J|V| |   |
| |_|I|  _| |_   _  |_|
|_   _ _  |_  | | |   |
|  _| | |_   _|_ _ _| |
| |_   _|  _ _ _| | | |
|_   _| |    _| |_ _  |
|_ _ _|_ _|_ _ _ _ _ _|
(sala:0: 0 1 1 2 3)
(sala:3: 25 25 26)
(sala:11: 6)
(sala:12: 9)
(sala:25: 15 15 16)
(sala:30: 19)
(sala:36: 28 29 29)
(sala:39: 17 18 19 19)
(sala:40: 21 21)
(sala:52: 23 23)
(sala:64: 25 25)
(sala:71: 20 21 21 22 23)
(sala:76: 27 27)
(sala:98: 29 29)
(sala:109: 10 11 11 12 13)
(stark:S:4:11: 24 9 5)
(lannister:T:30:11: 17 15 13 11 9 7 5 3 1)
(targaryen:D:36:11: 27 13 7 5)
(targaryen:A:36:11: 27 14 8 4)
(stark:J:39:11: 17 23 7 3)
(lannisterneo:V:40:11: 19 17 15 13 11 9 7 5 3 1)
(caminante:I:46:11:)
(turno:12)
(mapa:109)
(puerta:cerrada:6: 1 3 5 7 9 11 13 15 17 19 21 23 25 27 29:)
 _ _ _ _ _ _ _ _ _ _ _
| |      _ S|  _|  _ _|
|_  |_| |_ _   _|T _ _|
|_ _ _  |  _| |V _ _ _|
| |  2   _|J  | | |   |
| |_| |  _| |_   _  |_|
|_   _ _  |_  | | |   |
|  _| | |_   _|_ _ _| |
| |_   _|  _ _ _| | | |
|_   _| |    _| |_ _  |
|_ _ _|_ _|_ _ _ _ _ _|
(sala:0: 0 1 1 2 3)
(sala:3: 25 25 26)
(sala:11: 6)
(sala:12: 9)
(sala:25: 15 15 16)
(sala:30: 19)
(sala:36: 28 29 29)
(sala:39: 17 18 19 19)
(sala:40: 21 21)
(sala:52: 23 23)
(sala:64: 25 25)
(sala:71: 20 21 21 22 23)
(sala:76: 27 27)
(sala:98: 29 29)
(sala:109: 10 11 11 12 13)
(stark:S:5:12: 24 9 5)
(lannister:T:19:12: 17 15 13 11 9 7 5 3 1)
(lannisterneo:V:29:12: 19 17 15 13 11 9 7 5 3 1)
(targaryen:A:35:12: 27 14 8 4)
(caminante:I:35:12: D)
(stark:J:38:12: 17 23 7 3)
(turno:13)
(mapa:109)
(puerta:cerrada:6: 1 3 5 7 9 11 13 15 17 19 21 23 25 27 29:)
 _ _ _ _ _ _ _ _ _ _ _
| |      _  |  _|T _ _|
|_  |_| |_ S   _|  _ _|
|_ _ _  |  _| |  V _ _|
| |A   I _|   | | |   |
| |_| |  _|J|_   _  |_|
|_   _ _  |_  | | |   |
|  _| | |_   _|_ _ _| |
| |_   _|  _ _ _| | | |
|_   _| |    _| |_ _  |
|_ _ _|_ _|_ _ _ _ _ _|
(sala:0: 0 1 1 2 3)
(sala:3: 25 25 26)
(sala:8: 17)
(sala:11: 6)
(sala:12: 9)
(sala:25: 15 15 16)
(sala:30: 19 19)
(sala:36: 28 29 29)
(sala:39: 17 18 19 19)
(sala:40: 21 21)
(sala:52: 23 23)
(sala:64: 25 25)
(sala:71: 20 21 21 22 23)
(sala:76: 27 27)
(sala:98: 29 29)
(sala:109: 10 11 11 12 13)
(lannister:T:8:13: 15 13 11 9 7 5 3 1)
(stark:S:16:13: 24 9 5)
(lannisterneo:V:30:13: 17 15 13 11 9 7 5 3 1)
(targaryen:A:34:13: 27 14 8 4)
(caminante:I:36:13: D)
(stark:J:49:13: 17 23 7 3)
(turno:14)
(mapa:109)
(puerta:cerrada:6: 1 3 5 7 9 11 13 15 17 19 21 23 25 27 29:)
 _ _ _ _ _ _ _ _ _ _ _
| |      _  |  _|  T _|
|_  |_| |_ _ S _|V _ _|
|_ _ _ I|  _| |  _ _ _|
| |      _|   | | |   |
| |A| |  _| |_   _  |_|
|_   _ _  |J  | | |   |
|  _| | |_   _|_ _ _| |
| |_   _|  _ _ _| | | |
|_   _| |    _| |_ _  |
|_ _ _|_ _|_ _ _ _ _ _|
(sala:0: 0 1 1 2 3)
(sala:3: 25 25 26)
(sala:8: 17)
(sala:11: 6)
(sala:12: 9)
(sala:25: 15 15 16)
(sala:30: 19 19)
(sala:36: 28 29 29)
(sala:39: 17 18 19 19)
(sala:40: 21 21)
(sala:52: 23 23)
(sala:64: 25 25)
(sala:71: 20 21 21 22 23)
(sala:76: 27 27)
(sala:98: 29 29)
(sala:109: 10 11 11 12 13)
(lannister:T:9:14: 15 13 11 9 7 5 3 1)
(stark:S:17:14: 24 9 5)
(lannisterneo:V:19:14: 17 15 13 11 9 7 5 3 1)
(caminante:I:25:14: D)
(targaryen:A:45:14: 27 14 8 4)
(stark:J:60:14: 17 23 7 3)
(turno:15)
(mapa:109)
(puerta:cerrada:6: 1 3 5 7 9 11 13 15 17 19 21 23 25 27 29:)
 _ _ _ _ _ _ _ _ _ _ _
| |      _  |  _|V _ T|
|_  |_| |_ _   _|  _ _|
|_ _ I  |  _|S|  _ _ _|
| |A     _|   | | |   |
| |_| |  _| |_   _  |_|
|_   _ _  |_ J| | |   |
|  _| | |_   _|_ _ _| |
| |_   _|  _ _ _| | | |
|_   _| |    _| |_ _  |
|_ _ _|_ _|_ _ _ _ _ _|
(sala:0: 0 1 1 2 3)
(sala:3: 25 25 26)
(sala:8: 17 17)
(sala:10: 15)
(sala:11: 6)
(sala:12: 9)
(sala:25: 15 15 16)
(sala:30: 19 19)
(sala:36: 28 29 29)
(sala:39: 17 18 19 19)
(sala:40: 21 21)
(sala:52: 23 23)
(sala:64: 25 25)
(sala:71: 20 21 21 22 23)
(sala:76: 27 27)
(sala:98: 29 29)
(sala:109: 10 11 11 12 13)
(lannisterneo:V:8:15: 15 13 11 9 7 5 3 1)
(lannister:T:10:15: 13 11 9 7 5 3 1)
(caminante:I:24:15: D)
(stark:S:28:15: 24 9 5)
(targaryen:A:34:15: 27 14 8 4)
(stark:J:61:15: 17 23 7 3)
(turno:16)
(mapa:109)
(puerta:cerrada:6: 1 3 5 7 9 11 13 15 17 19 21 23 25 27 29:)
 _ _ _ _ _ _ _ _ _ _ _
| |      _  |  _|  2 _|
|_  |_| |_ _   _|  _ _|
|_ I _  |  _| |  _ _ _|
| |  A   _|  S| | |   |
| |_| |  _| |_   _  |_|
|_   _ _  |_  | | |   |
|  _| | |_   J|_ _ _| |
| |_   _|  _ _ _| | | |
|_   _| |    _| |_ _  |
|_ _ _|_ _|_ _ _ _ _ _|
(sala:0: 0 1 1 2 3)
(sala:3: 25 25 26)
(sala:8: 17 17)
(sala:10: 15)
(sala:11: 6)
(sala:12: 9)
(sala:25: 15 15 16)
(sala:30: 19 19)
(sala:36: 28 29 29)
(sala:39: 18 19 19)
(sala:40: 21 21)
(sala:52: 23 23)
(sala:64: 25 25)
(sala:71: 20 21 21 22 23)
(sala:76: 27 27)
(sala:98: 29 29)
(sala:109: 10 11 11 12 13)
(lannisterneo:V:9:16: 15 13 11 9 7 5 3 1)
(lannister:T:9:16: 13 11 9 7 5 3 1)
(caminante:I:23:16: D)
(targaryen:A:35:16: 27 14 8 4)
(stark:S:39:16: 17 24 9 5)
(stark:J:72:16: 17 23 7 3)
(turno:17)
(mapa:109)
(puerta:cerrada:6: 1 3 5 7 9 11 13 15 17 19 21 23 25 27 29:)
 _ _ _ _ _ _ _ _ _ _ _
| |      _  |  _|T _ V|
|_ I|_| |_ _   _|  _ _|
|_ _ _  |  _| |  _ _ _|
| |      _|S  | | |   |
| |_|A|  _| |_   _  |_|
|_   _ _  |_  | | |   |
|  _| | |_ J _|_ _ _| |
| |_   _|  _ _ _| | | |
|_   _| |    _| |_ _  |
|_ _ _|_ _|_ _ _ _ _ _|
(sala:0: 0 1 1 2 3)
(sala:3: 25 25 26)
(sala:8: 13 17 17)
(sala:10: 15 15)
(sala:11: 6)
(sala:12: 9)
(sala:25: 15 15 16)
(sala:30: 19 19)
(sala:36: 28 29 29)
(sala:39: 18 19 19)
(sala:40: 21 21)
(sala:52: 23 23)
(sala:64: 25 25)
(sala:71: 21 21 22 23)
(sala:76: 27 27)
(sala:98: 29 29)
(sala:109: 10 11 11 12 13)
(lannister:T:8:17: 11 9 7 5 3 1)
(lannisterneo:V:10:17: 13 11 9 7 5 3 1)
(caminante:I:12:17: D)
(stark:S:38:17: 17 24 9 5)
(targaryen:A:46:17: 27 14 8 4)
(stark:J:71:17: 20 17 23 7 3)
(turno:18)
(mapa:109)
(puerta:cerrada:6: 1 3 5 7 9 11 13 15 17 19 21 23 25 27 29:)
 _ _ _ _ _ _ _ _ _ _ _
| |      _  |  _|  V _|
|I  |_| |_ _   _|T _ _|
|_ _ _  |  _| |  _ _ _|
| |      _|   | | |   |
| |_| |  _|S|_   _  |_|
|_   A _  |_  | | |   |
|  _| | |_   _|_ _ _| |
| |_   _|  J _ _| | | |
|_   _| |    _| |_ _  |
|_ _ _|_ _|_ _ _ _ _ _|
(sala:0: 0 1 1 2 3)
(sala:3: 25 25 26)
(sala:8: 13 17 17)
(sala:10: 15 15)
(sala:11: 6)
(sala:12: 9)
(sala:25: 15 15 16)
(sala:30: 19 19)
(sala:36: 28 29 29)
(sala:39: 18 19 19)
(sala:40: 21 21)
(sala:52: 23 23)
(sala:64: 25 25)
(sala:71: 21 21 22 23)
(sala:76: 27 27)
(sala:98: 29 29)
(sala:109: 10 11 11 12 13)
(lannisterneo:V:9:18: 13 11 9 7 5 3 1)
(caminante:I:11:18: D)
(lannister:T:19:18: 11 9 7 5 3 1)
(stark:S:49:18: 17 24 9 5)
(targaryen:A:57:18: 27 14 8 4)
(stark:J:82:18: 20 17 23 7 3)
(turno:19)
(mapa:109)
(puerta:cerrada:6: 1 3 5 7 9 11 13 15 17 19 21 23 25 27 29:)
 _ _ _ _ _ _ _ _ _ _ _
|I|      _  |  _|V _ _|
|_  |_| |_ _   _|  _ _|
|_ _ _  |  _| |  T _ _|
| |      _|   | | |   |
| |_| |  _| |_   _  |_|
|_ A _ _  |S  | | |   |
|  _| | |_   _|_ _ _| |
| |_   _|J _ _ _| | | |
|_   _| |    _| |_ _  |
|_ _ _|_ _|_ _ _ _ _ _|
(sala:0: 0 1 1 2 3)
(sala:3: 25 25 26)
(sala:8: 13 13 17 17)
(sala:10: 15 15)
(sala:11: 6)
(sala:12: 9)
(sala:25: 15 15 16)
(sala:30: 11 19 19)
(sala:36: 28 29 29)
(sala:39: 18 19 19)
(sala:40: 21 21)
(sala:52: 23 23)
(sala:64: 25 25)
(sala:71: 21 21 22 23)
(sala:76: 27 27)
(sala:98: 29 29)
(sala:109: 10 11 11 12 13)
(caminante:I:0:19: D)
(lannisterneo:V:8:19: 11 9 7 5 3 1)
(lannister:T:30:19: 9 7 5 3 1)
(targaryen:A:56:19: 27 14 8 4)
(stark:S:60:19: 17 24 9 5)
(stark:J:81:19: 20 17 23 7 3)
(turno:20)
(mapa:109)
(puerta:cerrada:6: 1 3 5 7 9 11 13 15 17 19 21 23 25 27 29:)
 _ _ _ _ _ _ _ _ _ _ _
| |      _  |  _|  _ _|
|I  |_| |_ _   _|V _ _|
|_ _ _  |  _| |T _ _ _|
| |      _|   | | |   |
| |_| |  _| |_   _  |_|
|A   _ _  |_ S| | |   |
|  _| | |_   _|_ _ _| |
| |_   _|  _ _ _| | | |
|_   _| |J   _| |_ _  |
|_ _ _|_ _|_ _ _ _ _ _|
(sala:0: 0 1 1 2 3)
(sala:3: 25 25 26)
(sala:8: 13 13 17 17)
(sala:10: 15 15)
(sala:11: 6)
(sala:12: 9)
(sala:25: 15 15 16)
(sala:30: 11 19 19)
(sala:36: 28 29 29)
(sala:39: 18 19 19)
(sala:40: 21 21)
(sala:52: 23 23)
(sala:64: 25 25)
(sala:71: 21 21 22 23)
(sala:76: 27 27)
(sala:98: 29 29)
(sala:109: 10 11 11 12 13)
(caminante:I:11:20: D)
(lannisterneo:V:19:20: 11 9 7 5 3 1)
(lannister:T:29:20: 9 7 5 3 1)
(targaryen:A:55:20: 27 14 8 4)
(stark:S:61:20: 17 24 9 5)
(stark:J:92:20: 20 17 23 7 3)
(turno:21)
(mapa:109)
(puerta:cerrada:6: 1 3 5 7 9 11 13 15 17 19 21 23 25 27 29:)
 _ _ _ _ _ _ _ _ _ _ _
| |      _  |  _|  _ _|
|_ I|_| |_ _   _|  _ _|
|_ _ _  |  _| |  V _ _|
| |      _|   |T| |   |
|A|_| |  _| |_   _  |_|
|_   _ _  |_  | | |   |
|  _| | |_   S|_ _ _| |
| |_   _|  _ _ _| | | |
|_   _| |  J _| |_ _  |
|_ _ _|_ _|_ _ _ _ _ _|
(sala:0: 0 1 1 2 3)
(sala:3: 25 25 26)
(sala:8: 13 13 17 17)
(sala:10: 15 15)
(sala:11: 6)
(sala:12: 9)
(sala:25: 15 15 16)
(sala:30: 11 11 19 19)
(sala:36: 28 29 29)
(sala:39: 18 19 19)
(sala:40: 9 21 21)
(sala:52: 23 23)
(sala:64: 25 25)
(sala:71: 21 21 22 23)
(sala:76: 27 27)
(sala:98: 29 29)
(sala:109: 10 11 11 12 13)
(caminante:I:12:21: D)
(lannisterneo:V:30:21: 9 7 5 3 1)
(lannister:T:40:21: 7 5 3 1)
(targaryen:A:44:21: 27 14 8 4)
(stark:S:72:21: 17 24 9 5)
(stark:J:93:21: 20 17 23 7 3)
(turno:22)
(mapa:109)
(puerta:cerrada:6: 1 3 5 7 9 11 13 15 17 19 21 23 25 27 29:)
 _ _ _ _ _ _ _ _ _ _ _
| |I     _  |  _|  _ _|
|_  |_| |_ _   _|  _ _|
|_ _ _  |  _| |V _ _ _|
|A|      _|   | | |   |
| |_| |  _| |_ T _  |_|
|_   _ _  |_  | | |   |
|  _| | |_ S _|_ _ _| |
| |_   _|  _ _ _| | | |
|_   _| |    _| |_ _  |
|_ _ _|_ _|J _ _ _ _ _|
(sala:0: 0 1 1 2 3)
(sala:3: 25 25 26)
(sala:8: 13 13 17 17)
(sala:10: 15 15)
(sala:11: 6)
(sala:12: 9)
(sala:25: 15 15 16)
(sala:30: 11 11 19 19)
(sala:36: 28 29 29)
(sala:39: 18 19 19)
(sala:40: 9 21 21)
(sala:52: 23 23)
(sala:64: 25 25)
(sala:71: 21 22 23)
(sala:76: 27 27)
(sala:98: 29 29)
(sala:109: 10 11 11 12 13)
(caminante:I:1:22: D)
(lannisterneo:V:29:22: 9 7 5 3 1)
(targaryen:A:33:22: 27 14 8 4)
(lannister:T:51:22: 7 5 3 1)
(stark:S:71:22: 21 17 24 9 5)
(stark:J:104:22: 20 17 23 7 3)
(turno:23)
(mapa:109)
(puerta:cerrada:6: 1 3 5 7 9 11 13 15 17 19 21 23 25 27 29:)
 _ _ _ _ _ _ _ _ _ _ _
| |  I   _  |  _|  _ _|
|_  |_| |_ _   _|  _ _|
|_ _ _  |  _| |  _ _ _|
| |      _|   |V| |   |
|A|_| |  _| |T   _  |_|
|_   _ _  |_  | | |   |
|  _| | |_   _|_ _ _| |
| |_   _|  S _ _| | | |
|_   _| |    _| |_ _  |
|_ _ _|_ _|_ J _ _ _ _|
(sala:0: 0 1 1 2 3)
(sala:3: 25 25 26)
(sala:8: 13 13 17 17)
(sala:10: 15 15)
(sala:11: 6)
(sala:12: 9)
(sala:25: 15 15 16)
(sala:30: 11 11 19 19)
(sala:36: 28 29 29)
(sala:39: 18 19 19)
(sala:40: 9 9 21 21)
(sala:50: 7)
(sala:52: 23 23)
(sala:64: 25 25)
(sala:71: 21 22 23)
(sala:76: 27 27)
(sala:98: 29 29)
(sala:109: 10 11 11 12 13)
(caminante:I:2:23: D)
(lannisterneo:V:40:23: 7 5 3 1)
(targaryen:A:44:23: 27 14 8 4)
(lannister:T:50:23: 5 3 1)
(stark:S:82:23: 21 17 24 9 5)
(stark:J:105:23: 20 17 23 7 3)
(turno:24)
(mapa:109)
(puerta:cerrada:6: 1 3 5 7 9 11 13 15 17 19 21 23 25 27 29:)
 _ _ _ _ _ _ _ _ _ _ _
| |    I _  |  _|  _ _|
|_  |_| |_ _   _|  _ _|
|_ _ _  |  _| |  _ _ _|
| |      _|  T| | |   |
| |_| |  _| |_ V _  |_|
|A   _ _  |_  | | |   |
|  _| | |_   _|_ _ _| |
| |_   _|S _ _ _| | | |
|_   _| |    _| |_ _  |
|_ _ _|_ _|_ _ J _ _ _|
(sala:0: 0 1 1 2 3)
(sala:3: 25 25 26)
(sala:8: 13 13 17 17)
(sala:10: 15 15)
(sala:11: 6)
(sala:12: 9)
(sala:25: 15 15 16)
(sala:30: 11 11 19 19)
(sala:36: 28 29 29)
(sala:39: 18 19 19)
(sala:40: 9 9 21 21)
(sala:50: 7)
(sala:52: 23 23)
(sala:64: 25 25)
(sala:71: 21 22 23)
(sala:76: 27 27)
(sala:98: 29 29)
(sala:109: 10 11 11 12 13)
(caminante:I:3:24: D)
(lannister:T:39:24: 5 3 1)
(lannisterneo:V:51:24: 7 5 3 1)
(targaryen:A:55:24: 27 14 8 4)
(stark:S:81:24: 21 17 24 9 5)
(stark:J:106:24: 20 17 23 7 3)
(turno:25)
(mapa:109)
(puerta:cerrada:6: 1 3 5 7 9 11 13 15 17 19 21 23 25 27 29:)
 _ _ _ _ _ _ _ _ _ _ _
| |      I  |  _|  _ _|
|_  |_| |_ _   _|  _ _|
|_ _ _  |  _|T|  _ _ _|
| |      _|   | | |   |
| |_| |  _| |V   _  |_|
|_ A _ _  |_  | | |   |
|  _| | |_   _|_ _ _| |
| |_   _|  _ _ _| | | |
|_   _| |S   _| |_ _  |
|_ _ _|_ _|_ _ _ J _ _|
(sala:0: 0 1 1 2 3)
(sala:3: 25 25 26)
(sala:8: 13 13 17 17)
(sala:10: 15 15)
(sala:11: 6)
(sala:12: 9)
(sala:25: 15 15 16)
(sala:28: 5)
(sala:30: 11 11 19 19)
(sala:36: 28 29 29)
(sala:39: 18 19 19)
(sala:40: 9 9 21 21)
(sala:50: 7 7)
(sala:52: 23 23)
(sala:64: 25 25)
(sala:71: 21 22 23)
(sala:76: 27 27)
(sala:98: 29 29)
(sala:109: 10 11 11 12 13)
(caminante:I:4:25: D)
(lannister:T:28:25: 3 1)
(lannisterneo:V:50:25: 5 3 1)
(targaryen:A:56:25: 27 14 8 4)
(stark:S:92:25: 21 17 24 9 5)
(stark:J:107:25: 20 17 23 7 3)
(turno:26)
(mapa:109)
(puerta:cerrada:6: 1 3 5 7 9 11 13 15 17 19 21 23 25 27 29:)
 _ _ _ _ _ _ _ _ _ _ _
| |      _ I|  _|  _ _|
|_  |_| |_ _ T _|  _ _|
|_ _ _  |  _| |  _ _ _|
| |      _|  V| | |   |
| |_| |  _| |_   _  |_|
|_   _ _  |_  | | |   |
|  A| | |_   _|_ _ _| |
| |_   _|  _ _ _| | | |
|_   _| |  S _| |_ _  |
|_ _ _|_ _|_ _ _ _ J _|
(sala:0: 0 1 1 2 3)
(sala:3: 25 25 26)
(sala:8: 13 13 17 17)
(sala:10: 15 15)
(sala:11: 6)
(sala:12: 9)
(sala:25: 15 15 16)
(sala:28: 5)
(sala:30: 11 11 19 19)
(sala:36: 28 29 29)
(sala:39: 18 19 19)
(sala:40: 9 9 21 21)
(sala:50: 7 7)
(sala:52: 23 23)
(sala:64: 25 25)
(sala:71: 21 22 23)
(sala:76: 27 27)
(sala:98: 29 29)
(sala:109: 10 11 11 12 13)
(caminante:I:5:26: D)
(lannister:T:17:26: 3 1)
(lannisterneo:V:39:26: 5 3 1)
(targaryen:A:67:26: 27 14 8 4)
(stark:S:93:26: 21 17 24 9 5)
(stark:J:108:26: 20 17 23 7 3)
(turno:27)
(mapa:109)
(puerta:cerrada:6: 1 3 5 7 9 11 13 15 17 19 21 23 25 27 29:)
 _ _ _ _ _ _ _ _ _ _ _
| |      _  |  _|  _ _|
|_  |_| |_ 2   _|  _ _|
|_ _ _  |  _|V|  _ _ _|
| |      _|   | | |   |
| |_| |  _| |_   _  |_|
|_   _ _  |_  | | |   |
|A _| | |_   _|_ _ _| |
| |_   _|  _ _ _| | | |
|_   _| |    _| |_ _  |
|_ _ _|_ _|S _ _ _ _ J|
(sala:0: 0 1 1 2 3)
(sala:3: 25 25 26)
(sala:8: 13 13 17 17)
(sala:10: 15 15)
(sala:11: 6)
(sala:12: 9)
(sala:16: 3)
(sala:25: 15 15 16)
(sala:28: 5 5)
(sala:30: 11 11 19 19)
(sala:36: 28 29 29)
(sala:39: 18 19 19)
(sala:40: 9 9 21 21)
(sala:50: 7 7)
(sala:52: 23 23)
(sala:64: 25 25)
(sala:71: 21 22 23)
(sala:76: 27 27)
(sala:98: 29 29)
(sala:109: 11 11 12 13)
(caminante:I:16:27: D)
(lannister:T:16:27: 1)
(lannisterneo:V:28:27: 3 1)
(targaryen:A:66:27: 27 14 8 4)
(stark:S:104:27: 21 17 24 9 5)
(stark:J:109:27: 10 20 17 23 7 3)
(turno:28)
(mapa:109)
(puerta:cerrada:6: 1 3 5 7 9 11 13 15 17 19 21 23 25 27 29: 10)
 _ _ _ _ _ _ _ _ _ _ _
| |      _ T|  _|  _ _|
|_  |_| |_ _ 2 _|  _ _|
|_ _ _  |  _| |  _ _ _|
| |      _|   | | |   |
| |_| |  _| |_   _  |_|
|_   _ _  |_  | | |   |
|  _| | |_   _|_ _ _| |
|A|_   _|  _ _ _| | | |
|_   _| |    _| |_ _  |
|_ _ _|_ _|_ S _ _ _ J|
(sala:0: 0 1 1 2 3)
(sala:3: 25 25 26)
(sala:8: 13 13 17 17)
(sala:10: 15 15)
(sala:11: 6)
(sala:12: 9)
(sala:16: 3)
(sala:25: 15 15 16)
(sala:28: 5 5)
(sala:30: 11 11 19 19)
(sala:36: 28 29 29)
(sala:39: 18 19 19)
(sala:40: 9 9 21 21)
(sala:50: 7 7)
(sala:52: 23 23)
(sala:64: 25 25)
(sala:71: 21 22 23)
(sala:76: 27 27)
(sala:98: 29 29)
(sala:109: 11 12 13)
(lannister:T:5:28: 1)
(caminante:I:17:28: D)
(lannisterneo:V:17:28: 3 1)
(targaryen:A:77:28: 27 14 8 4)
(stark:S:105:28: 21 17 24 9 5)
(stark:J:109:28: 11 20 17 23 7 3)
(turno:29)
(mapa:109)
(puerta:abierta:6: 1 3 5 7 9 13 15 17 19 21 23 25 27 29: 10 11)
 _ _ _ _ _ _ _ _ _ _ _
| |      T  |  _|  _ _|
|_  |_| |_ V   _|  _ _|
|_ _ _  |  _|I|  _ _ _|
| |      _|   | | |   |
| |_| |  _| |_   _  |_|
|_   _ _  |_  | | |   |
|  _| | |_   _|_ _ _| |
| |_   _|  _ _ _| | | |
|A   _| |    _| |_ _  |
|_ _ _|_ _|_ _ S _ _ _|
(sala:0: 0 1 1 2 3)
(sala:3: 25 25 26)
(sala:4: 1)
(sala:8: 13 13 17 17)
(sala:10: 15 15)
(sala:11: 6)
(sala:12: 9)
(sala:16: 3 3)
(sala:25: 15 15 16)
(sala:28: 5 5)
(sala:30: 11 11 19 19)
(sala:36: 28 29 29)
(sala:39: 18 19 19)
(sala:40: 9 9 21 21)
(sala:50: 7 7)
(sala:52: 23 23)
(sala:64: 25 25)
(sala:71: 21 22 23)
(sala:76: 27 27)
(sala:98: 29 29)
(sala:109: 11 12 13)
(lannister:T:4:29:)
(lannisterneo:V:16:29: 1)
(caminante:I:28:29: D)
(targaryen:A:88:29: 27 14 8 4)
(stark:S:106:29: 21 17 24 9 5)
(miembrostrono)
(nuevorey:stark:J:1111:29: 20 17 23 7 3)
