 _ _ _ _ _ _
|_ _  |_ _  |
|_    |_    |
|_ _|_  | |_|
|  _     _| |
|_ _|_|  _  |
|_ _ _ _ _|_|
(ruta:J: E E S S E S S E E S)
(ruta:D: E E S O O E S O E N E S E S O O O S E O N E E S N E S S O O O E E E E E)
(ruta:S: E E S S E S S E E S)
(ruta:A: E E S O O E S O E N E S E S O O O S E O N E E S N E S S O O O E E E E E)
(ruta:I: E E E N N N O N N O O E E S S E S E N N E N S O S S O S E E S O O O O O)
(ruta:T: N O O N E N N E N S O S S O N O N N O O E E S S E S S S O O O E E E E E)
(turno:0)
(mapa:35)
(puerta:cerrada:5: 1 3 5 7 9 11 13 15 17 19 21 23 25 27 29:)
 _ _ _ _ _ _
|4 _  |_ _  |
|_    |_    |
|_ _|_  | |_|
|  _     _| |
|_ _|_|  _  |
|I _ _ _ _ T|
(sala:0: 0 1 1 2 3)
(sala:1: 3 4 5 5 6)
(sala:2: 7 7 8 9 9)
(sala:8: 10 11 11 12 13)
(sala:14: 13 14 15 15 16)
(sala:15: 17 17 18 19 19)
(sala:21: 20 21 21 22 23)
(sala:27: 23 24 25 25 26)
(sala:35: 27 27 28 29 29)
(stark:J:0:1:)
(targaryen:D:0:1:)
(stark:S:0:2:)
(targaryen:A:0:2:)
(caminante:I:30:2:)
(lannister:T:35:1: 29 27 25 23 21 19 17 15 13 11 9 7 5 3 1)
(turno:1)
(mapa:35)
(puerta:cerrada:5: 1 3 5 7 9 11 13 15 17 19 21 23 25 27 29:)
 _ _ _ _ _ _
|2 2  |_ _  |
|_    |_    |
|_ _|_  | |_|
|  _     _| |
|_ _|_|  _ T|
|I _ _ _ _ _|
(sala:0: 0 1 1 2 3)
(sala:1: 5 5 6)
(sala:2: 7 7 8 9 9)
(sala:8: 10 11 11 12 13)
(sala:14: 13 14 15 15 16)
(sala:15: 17 17 18 19 19)
(sala:21: 20 21 21 22 23)
(sala:27: 23 24 25 25 26)
(sala:35: 27 27 28 29 29)
(stark:S:0:2:)
(targaryen:A:0:2:)
(stark:J:1:1: 3)
(targaryen:D:1:1: 4)
(lannister:T:29:1: 29 27 25 23 21 19 17 15 13 11 9 7 5 3 1)
(caminante:I:30:2:)
(turno:2)
(mapa:35)
(puerta:cerrada:5: 1 3 5 7 9 11 13 15 17 19 21 23 25 27 29:)
 _ _ _ _ _ _
|_ 2 2|_ _  |
|_    |_    |
|_ _|_  | |_|
|  _     _| |
|_ _|_|  T  |
|_ I _ _ _ _|
(sala:0: 0 1 1 2 3)
(sala:1: 6)
(sala:2: 8 9 9)
(sala:8: 10 11 11 12 13)
(sala:14: 13 14 15 15 16)
(sala:15: 17 17 18 19 19)
(sala:21: 20 21 21 22 23)
(sala:27: 23 24 25 25 26)
(sala:28: 29)
(sala:35: 27 27 28 29 29)
(stark:S:1:2: 5)
(targaryen:A:1:2: 5)
(stark:J:2:2: 7 3)
(targaryen:D:2:2: 7 4)
(lannister:T:28:2: 27 25 23 21 19 17 15 13 11 9 7 5 3 1)
(caminante:I:31:2:)
(turno:3)
(mapa:35)
(puerta:cerrada:5: 1 3 5 7 9 11 13 15 17 19 21 23 25 27 29:)
 _ _ _ _ _ _
|_ _ 2|_ _  |
|_   2|_    |
|_ _|_  | |_|
|  _     _| |
|_ _|_|T _  |
|_ _ I _ _ _|
(sala:0: 0 1 1 2 3)
(sala:1: 6)
(sala:2: 9)
(sala:8: 11 12 13)
(sala:14: 13 14 15 15 16)
(sala:15: 17 17 18 19 19)
(sala:21: 20 21 21 22 23)
(sala:27: 23 24 25 25 26)
(sala:28: 29)
(sala:35: 27 27 28 29 29)
(stark:S:2:3: 8 5)
(targaryen:A:2:3: 9 5)
(stark:J:8:3: 10 7 3)
(targaryen:D:8:3: 11 7 4)
(lannister:T:27:3: 27 25 23 21 19 17 15 13 11 9 7 5 3 1)
(caminante:I:32:3:)
(turno:4)
(mapa:35)
(puerta:cerrada:5: 1 3 5 7 9 11 13 15 17 19 21 23 25 27 29:)
 _ _ _ _ _ _
|_ _  |_ _  |
|_ D 2|_    |
|_ _|J  | |_|
|  _   T _| |
|_ _|_|  _  |
|_ _ _ I _ _|
(sala:0: 0 1 1 2 3)
(sala:1: 6)
(sala:2: 9)
(sala:8: 13)
(sala:14: 14 15 15 16)
(sala:15: 17 17 18 19 19)
(sala:21: 20 21 21 22 23)
(sala:27: 23 24 25 25 26)
(sala:28: 29)
(sala:35: 27 27 28 29 29)
(targaryen:D:7:4: 11 7 4)
(stark:S:8:4: 11 8 5)
(targaryen:A:8:4: 12 9 5)
(stark:J:14:4: 13 10 7 3)
(lannister:T:21:4: 27 25 23 21 19 17 15 13 11 9 7 5 3 1)
(caminante:I:33:4:)
(turno:5)
(mapa:35)
(puerta:cerrada:5: 1 3 5 7 9 11 13 15 17 19 21 23 25 27 29:)
 _ _ _ _ _ _
|_ _  |_ _  |
|D A  |_    |
|_ _|S J| |_|
|  _     T| |
|_ _|_|I _  |
|_ _ _ _ _ _|
(sala:0: 0 1 1 2 3)
(sala:1: 6)
(sala:2: 9)
(sala:8: 13)
(sala:14: 15 15 16)
(sala:15: 17 18 19 19)
(sala:21: 20 21 21 22 23)
(sala:22: 27)
(sala:27: 23 24 25 25 26)
(sala:28: 29)
(sala:35: 27 27 28 29 29)
(targaryen:D:6:5: 11 7 4)
(targaryen:A:7:5: 12 9 5)
(stark:S:14:5: 14 11 8 5)
(stark:J:15:5: 17 13 10 7 3)
(lannister:T:22:5: 25 23 21 19 17 15 13 11 9 7 5 3 1)
(caminante:I:27:5:)
(turno:6)
(mapa:35)
(puerta:cerrada:5: 1 3 5 7 9 11 13 15 17 19 21 23 25 27 29:)
 _ _ _ _ _ _
|_ _  |_ _  |
|A D  |_    |
|_ _|_ S|T|_|
|  _   I _| |
|_ _|_|  _  |
|_ _ _ _ _ _|
(sala:0: 0 1 1 2 3)
(sala:1: 6)
(sala:2: 9)
(sala:8: 13)
(sala:14: 15 15 16)
(sala:15: 18 19 19)
(sala:16: 25)
(sala:21: 21 21 22 23)
(sala:22: 27)
(sala:27: 23 24 25 25 26)
(sala:28: 29)
(sala:35: 27 27 28 29 29)
(targaryen:A:6:6: 12 9 5)
(targaryen:D:7:6: 11 7 4)
(stark:S:15:6: 17 14 11 8 5)
(lannister:T:16:6: 23 21 19 17 15 13 11 9 7 5 3 1)
(caminante:I:21:6: J)
(turno:7)
(mapa:35)
(puerta:cerrada:5: 1 3 5 7 9 11 13 15 17 19 21 23 25 27 29:)
 _ _ _ _ _ _
|_ _  |_ _  |
|_ A  |_ T  |
|_ D|_ I| |_|
|  _   S _| |
|_ _|_|  _  |
|_ _ _ _ _ _|
(sala:0: 0 1 1 2 3)
(sala:1: 6)
(sala:2: 9)
(sala:8: 13)
(sala:10: 23)
(sala:14: 15 15 16)
(sala:15: 18 19 19)
(sala:16: 25)
(sala:21: 21 22 23)
(sala:22: 27)
(sala:27: 23 24 25 25 26)
(sala:28: 29)
(sala:35: 27 27 28 29 29)
(targaryen:A:7:7: 12 9 5)
(lannister:T:10:7: 21 19 17 15 13 11 9 7 5 3 1)
(targaryen:D:13:7: 11 7 4)
(caminante:I:15:7: J)
(stark:S:21:7: 21 17 14 11 8 5)
(turno:8)
(mapa:35)
(puerta:cerrada:5: 1 3 5 7 9 11 13 15 17 19 21 23 25 27 29:)
 _ _ _ _ _ _
|_ _  |_ _  |
|_    |_   T|
|D A|I  | |_|
|  _     _| |
|_ _|_|S _  |
|_ _ _ _ _ _|
(sala:0: 0 1 1 2 3)
(sala:1: 6)
(sala:2: 9)
(sala:8: 13)
(sala:10: 23)
(sala:14: 15 15 16)
(sala:15: 18 19 19)
(sala:16: 25)
(sala:21: 21 22 23)
(sala:22: 27)
(sala:27: 24 25 25 26)
(sala:28: 29)
(sala:35: 27 27 28 29 29)
(lannister:T:11:8: 21 19 17 15 13 11 9 7 5 3 1)
(targaryen:D:12:8: 11 7 4)
(targaryen:A:13:8: 12 9 5)
(caminante:I:14:8: J)
(stark:S:27:8: 23 21 17 14 11 8 5)
(turno:9)
(mapa:35)
(puerta:cerrada:5: 1 3 5 7 9 11 13 15 17 19 21 23 25 27 29:)
 _ _ _ _ _ _
|_ _  |_ _ T|
|_   I|_    |
|A D|_  | |_|
|  _     _| |
|_ _|_|  S  |
|_ _ _ _ _ _|
(sala:0: 0 1 1 2 3)
(sala:1: 6)
(sala:2: 9)
(sala:8: 13)
(sala:10: 23)
(sala:14: 15 15 16)
(sala:15: 18 19 19)
(sala:16: 25)
(sala:21: 21 22 23)
(sala:22: 27)
(sala:27: 24 25 25 26)
(sala:35: 27 27 28 29 29)
(lannister:T:5:9: 21 19 17 15 13 11 9 7 5 3 1)
(caminante:I:8:9: J)
(targaryen:A:12:9: 12 9 5)
(targaryen:D:13:9: 11 7 4)
(stark:S:28:9: 29 23 21 17 14 11 8 5)
(turno:10)
(mapa:35)
(puerta:cerrada:5: 1 3 5 7 9 11 13 15 17 19 21 23 25 27 29:)
 _ _ _ _ _ _
|_ _ I|_ _  |
|_ D  |_   T|
|_ A|_  | |_|
|  _     _| |
|_ _|_|  _ S|
|_ _ _ _ _ _|
(sala:0: 0 1 1 2 3)
(sala:1: 6)
(sala:2: 9)
(sala:8: 13)
(sala:10: 23)
(sala:14: 15 15 16)
(sala:15: 18 19 19)
(sala:16: 25)
(sala:21: 21 22 23)
(sala:22: 27)
(sala:27: 24 25 25 26)
(sala:35: 27 27 28 29 29)
(caminante:I:2:10: J)
(targaryen:D:7:10: 11 7 4)
(lannister:T:11:10: 21 19 17 15 13 11 9 7 5 3 1)
(targaryen:A:13:10: 12 9 5)
(stark:S:29:10: 29 23 21 17 14 11 8 5)
(turno:11)
(mapa:35)
(puerta:cerrada:5: 1 3 5 7 9 11 13 15 17 19 21 23 25 27 29:)
 _ _ _ _ _ _
|_ I  |_ _  |
|_ A D|_ T  |
|_ _|_  | |_|
|  _     _| |
|_ _|_|  _  |
|_ _ _ _ _ S|
(sala:0: 0 1 1 2 3)
(sala:1: 6)
(sala:2: 9)
(sala:10: 21 23)
(sala:14: 15 15 16)
(sala:15: 18 19 19)
(sala:16: 25)
(sala:21: 21 22 23)
(sala:22: 27)
(sala:27: 24 25 25 26)
(sala:35: 27 28 29 29)
(caminante:I:1:11: J)
(targaryen:A:7:11: 12 9 5)
(targaryen:D:8:11: 13 11 7 4)
(lannister:T:10:11: 19 17 15 13 11 9 7 5 3 1)
(stark:S:35:11: 27 29 23 21 17 14 11 8 5)
(turno:12)
(mapa:35)
(puerta:abierta:5: 1 3 5 7 9 11 13 15 17 19 21 23 25 29: 27)
 _ _ _ _ _ _
|I _  |_ _  |
|_   A|_    |
|_ _|D  |T|_|
|  _     _| |
|_ _|_|  _  |
|_ _ _ _ _ _|
(sala:0: 0 1 1 2 3)
(sala:1: 6)
(sala:2: 9)
(sala:10: 21 23)
(sala:14: 15 16)
(sala:15: 18 19 19)
(sala:16: 19 25)
(sala:21: 21 22 23)
(sala:22: 27)
(sala:27: 24 25 25 26)
(sala:35: 27 28 29 29)
(caminante:I:0:12: J)
(targaryen:A:8:12: 12 9 5)
(targaryen:D:14:12: 15 13 11 7 4)
(lannister:T:16:12: 17 15 13 11 9 7 5 3 1)
(miembrostrono)
(nuevorey:stark:S:1111:12: 29 23 21 17 14 11 8 5)
